PRT1
447
1240
4 0 150 (1088 2048 640 ) (1024 2048 640 ) (1024 2048 -300 ) (1088 2048 -300 ) 
4 0 2 (1024 2048 -76.897949 ) (1024 2048 640 ) (1024 3072 640 ) (1024 3072 -76.897949 ) 
4 0 1 (1024 2048 -300 ) (1024 2048 -76.897949 ) (1024 3072 -76.897949 ) (1024 3072 -300 ) 
4 1 166 (576 2048 -54.040791 ) (0 2048 -24.653015 ) (0 2048 -300 ) (576 2048 -300 ) 
4 1 165 (1024 2048 -300 ) (1024 2048 -76.897949 ) (576 2048 -54.040791 ) (576 2048 -300 ) 
4 1 71 (0 2048 -300 ) (0 2048 -24.653076 ) (0 2176 -24.653069 ) (0 2176 -300 ) 
4 1 59 (0 2176 -24.653069 ) (0 2192 -24.653069 ) (0 2192 -300 ) (0 2176 -300 ) 
4 1 34 (0 2192 -24.653069 ) (0 3072 -24.653015 ) (0 3072 -300 ) (0 2192 -300 ) 
4 1 5 (0 3072 -24.653076 ) (0 2701.714355 -24.653076 ) (144 2640 -32 ) (144 3072 -32 ) 
4 1 6 (144 2048 -32 ) (576 2048 -54.040844 ) (576 3072 -54.040844 ) (144 3072 -32 ) 
4 1 2 (576 2048 -54.040844 ) (1024 2048 -76.897995 ) (1024 3072 -76.897995 ) (576 3072 -54.040844 ) 
4 2 165 (1024 2048 -76.897949 ) (1024 2048 0 ) (576 2048 0 ) (576 2048 -54.040791 ) 
4 2 152 (1024 2048 0 ) (1024 2048 144 ) (576 2048 144 ) (576 2048 0 ) 
4 2 151 (1024 2048 144 ) (1024 2048 640 ) (576 2048 640 ) (576 2048 144 ) 
4 2 5 (576 2640 0 ) (576 3072 0 ) (576 3072 -32 ) (576 2640 -32 ) 
4 2 3 (576 2048 0 ) (576 2048 640 ) (576 3072 640 ) (576 3072 0 ) 
4 2 6 (576 3072 -54.039063 ) (576 2048 -54.039063 ) (576 2048 -32 ) (576 3072 -32 ) 
5 3 159 (0 2048 120 ) (0 2048 7.346924 ) (144 2048 0 ) (192 2048 0 ) (192 2048 120 ) 
4 3 158 (0 2048 144 ) (0 2048 120 ) (192 2048 120 ) (192 2048 144 ) 
4 3 153 (192 2048 0 ) (416 2048 0 ) (416 2048 144 ) (192 2048 144 ) 
4 3 152 (416 2048 0 ) (576 2048 0 ) (576 2048 144 ) (416 2048 144 ) 
4 3 151 (576 2048 640 ) (0 2048 640 ) (0 2048 144 ) (576 2048 144 ) 
4 3 70 (0 2048 7.346938 ) (0 2048 200 ) (0 2176 200 ) (0 2176 7.346936 ) 
4 3 54 (0 2192 8 ) (0 2192 7.346936 ) (0 2176 7.346936 ) (0 2176 8 ) 
4 3 53 (0 2176 200 ) (0 2192 200 ) (0 2192 8 ) (0 2176 8 ) 
4 3 35 (0 2192 200 ) (0 3072 200 ) (0 3072 7.346924 ) (0 2192 7.346936 ) 
4 3 32 (0 2048 200 ) (0 2048 208 ) (0 2176 208 ) (0 2176 200 ) 
4 3 25 (0 2048 208 ) (0 2048 336 ) (0 2176 336 ) (0 2176 208 ) 
4 3 24 (0 2048 336 ) (0 2048 640 ) (0 2176 640 ) (0 2176 336 ) 
4 3 12 (0 2192 336 ) (0 2192 200 ) (0 2176 200 ) (0 2176 336 ) 
4 3 11 (0 2176 640 ) (0 2192 640 ) (0 2192 336 ) (0 2176 336 ) 
4 3 7 (0 2192 640 ) (0 3072 640 ) (0 3072 200 ) (0 2192 200 ) 
4 3 5 (144 3072 0 ) (576 3072 0 ) (576 2640 0 ) (144 2640 0 ) 
4 3 4 (0 2701.714355 7.346931 ) (0 3072 7.346931 ) (144 3072 0 ) (144 2640 0 ) 
4 4 36 (0 2701.714355 7.346929 ) (0 3072 7.346924 ) (0 3072 0 ) (0 2701.714355 0 ) 
4 4 5 (0 3072 0 ) (144 3072 0 ) (144 2640 0 ) (0 2701.714355 0 ) 
4 5 36 (0 2701.714355 0 ) (0 3072 0 ) (0 3072 -24.653015 ) (0 2701.714355 -24.653038 ) 
4 5 6 (144 2640 -32 ) (144 3072 -32 ) (576 3072 -32 ) (576 2640 -32 ) 
3 6 167 (144 2048 -32 ) (576 2048 -54.040791 ) (576 2048 -32 ) 
4 7 45 (-640 2480 200 ) (-640 2192 200 ) (-928 2192 200 ) (-928 2480 200 ) 
4 7 37 (-928 3072 200 ) (-640 3072 200 ) (-640 2480 200 ) (-928 2480 200 ) 
4 7 35 (-640 3072 200 ) (0 3072 200 ) (0 2192 200 ) (-640 2192 200 ) 
4 7 13 (-680 2192 248 ) (-680 2192 320 ) (-776 2192 320 ) (-776 2192 248 ) 
4 7 12 (-624 2192 200 ) (0 2192 200 ) (0 2192 336 ) (-624 2192 336 ) 
4 7 11 (0 2192 336 ) (0 2192 640 ) (-928 2192 640 ) (-928 2192 336 ) 
4 7 10 (-928 3072 256 ) (-928 3072 200 ) (-928 2528 200 ) (-928 2528 256 ) 
4 7 9 (-928 3072 336 ) (-928 3072 256 ) (-928 2436 256 ) (-928 2436 336 ) 
4 7 8 (-928 3072 640 ) (-928 3072 336 ) (-928 2192 336 ) (-928 2192 640 ) 
4 8 20 (-944 2428 336 ) (-944 2192 336 ) (-944 2192 640 ) (-944 2428 640 ) 
4 8 14 (-944 3072 640 ) (-944 3072 336 ) (-944 2428 336 ) (-944 2428 640 ) 
4 8 11 (-944 2192 640 ) (-944 2192 336 ) (-928 2192 336 ) (-928 2192 640 ) 
4 8 9 (-928 3072 336 ) (-928 2436 336 ) (-944 2436 336 ) (-944 3072 336 ) 
4 9 17 (-944 2528 256 ) (-944 2512 256 ) (-944 2512 320 ) (-944 2528 320 ) 
4 9 16 (-944 3072 320 ) (-944 3072 256 ) (-944 2528 256 ) (-944 2528 320 ) 
4 9 18 (-944 2512 256 ) (-944 2436 256 ) (-944 2436 320 ) (-944 2512 320 ) 
4 9 15 (-944 3072 336 ) (-944 3072 320 ) (-944 2436 320 ) (-944 2436 336 ) 
4 9 10 (-928 3072 256 ) (-928 2528 256 ) (-944 2528 256 ) (-944 3072 256 ) 
4 10 38 (-944 3072 200 ) (-928 3072 200 ) (-928 2528 200 ) (-944 2528 200 ) 
4 10 23 (-944 3072 208 ) (-944 3072 200 ) (-944 2528 200 ) (-944 2528 208 ) 
4 10 16 (-944 3072 256 ) (-944 3072 208 ) (-944 2528 208 ) (-944 2528 256 ) 
4 11 24 (0 2176 336 ) (0 2176 640 ) (-944 2176 640 ) (-944 2176 336 ) 
4 11 20 (-944 2176 336 ) (-944 2176 640 ) (-944 2192 640 ) (-944 2192 336 ) 
4 11 12 (0 2176 336 ) (-624 2176 336 ) (-624 2192 336 ) (0 2192 336 ) 
4 12 53 (0 2192 200 ) (0 2176 200 ) (-624 2176 200 ) (-624 2192 200 ) 
4 12 32 (-624 2176 200 ) (0 2176 200 ) (0 2176 208 ) (-624 2176 208 ) 
4 12 25 (0 2176 208 ) (0 2176 336 ) (-624 2176 336 ) (-624 2176 208 ) 
4 13 26 (-680 2176 248 ) (-680 2176 320 ) (-776 2176 320 ) (-776 2176 248 ) 
4 14 96 (-1024 3072 640 ) (-1024 3072 336 ) (-1024 2428 336 ) (-1024 2428 640 ) 
4 14 21 (-1016 2428 640 ) (-1024 2428 640 ) (-1024 2428 336 ) (-1016 2428 336 ) 
4 14 20 (-944 2428 336 ) (-944 2428 640 ) (-1016 2428 640 ) (-1016 2428 336 ) 
4 14 15 (-1024 2436 336 ) (-1024 3072 336 ) (-944 3072 336 ) (-944 2436 336 ) 
4 15 97 (-1024 3072 336 ) (-1024 3072 320 ) (-1024 2436 320 ) (-1024 2436 336 ) 
4 15 17 (-1024 2512 320 ) (-1024 2528 320 ) (-944 2528 320 ) (-944 2512 320 ) 
4 15 16 (-1024 2528 320 ) (-1024 3072 320 ) (-944 3072 320 ) (-944 2528 320 ) 
4 15 18 (-1024 2436 320 ) (-1024 2512 320 ) (-944 2512 320 ) (-944 2436 320 ) 
4 16 98 (-1024 3072 320 ) (-1024 3072 208 ) (-1024 2528 208 ) (-1024 2528 320 ) 
4 16 23 (-944 3072 208 ) (-944 2528 208 ) (-1024 2528 208 ) (-1024 3072 208 ) 
4 16 17 (-944 2528 256 ) (-944 2528 320 ) (-1024 2528 320 ) (-1024 2528 256 ) 
4 17 99 (-1024 2512 256 ) (-1024 2512 320 ) (-1024 2528 320 ) (-1024 2528 256 ) 
4 17 18 (-944 2512 256 ) (-944 2512 320 ) (-1024 2512 320 ) (-1024 2512 256 ) 
4 18 100 (-1024 2512 208 ) (-1024 2436 208 ) (-1024 2436 320 ) (-1024 2512 320 ) 
4 18 19 (-952 2436 260 ) (-952 2436 320 ) (-1024 2436 320 ) (-1024 2436 260 ) 
4 19 101 (-1024 2428 260 ) (-1024 2428 320 ) (-1024 2436 320 ) (-1024 2436 260 ) 
4 19 21 (-1016 2428 320 ) (-1024 2428 320 ) (-1024 2428 260 ) (-1016 2428 260 ) 
4 19 20 (-952 2428 260 ) (-952 2428 320 ) (-1016 2428 320 ) (-1016 2428 260 ) 
4 20 31 (-1016 2176 208 ) (-944 2176 208 ) (-944 2176 336 ) (-1016 2176 336 ) 
4 20 24 (-944 2176 336 ) (-944 2176 640 ) (-1016 2176 640 ) (-1016 2176 336 ) 
4 20 22 (-1016 2176 640 ) (-1016 2184 640 ) (-1016 2184 336 ) (-1016 2176 336 ) 
4 20 21 (-1016 2184 640 ) (-1016 2428 640 ) (-1016 2428 208 ) (-1016 2184 208 ) 
4 21 105 (-1024 2428 336 ) (-1024 2428 208 ) (-1024 2184 208 ) (-1024 2184 336 ) 
4 21 104 (-1024 2428 640 ) (-1024 2428 336 ) (-1024 2184 336 ) (-1024 2184 640 ) 
4 21 22 (-1016 2184 336 ) (-1016 2184 640 ) (-1024 2184 640 ) (-1024 2184 336 ) 
4 22 104 (-1024 2176 336 ) (-1024 2176 640 ) (-1024 2184 640 ) (-1024 2184 336 ) 
4 22 24 (-1024 2176 640 ) (-1024 2176 336 ) (-1016 2176 336 ) (-1016 2176 640 ) 
4 23 115 (-1024 3072 208 ) (-1024 3072 200 ) (-1024 2528 200 ) (-1024 2528 208 ) 
4 23 60 (-1024 3072 200 ) (-944 3072 200 ) (-944 2528 200 ) (-1024 2528 200 ) 
4 24 189 (0 2048 336 ) (0 2048 640 ) (-1024 2048 640 ) (-1024 2048 336 ) 
4 24 104 (-1024 2048 336 ) (-1024 2048 640 ) (-1024 2176 640 ) (-1024 2176 336 ) 
4 24 30 (-936 2048 336 ) (-944 2048 336 ) (-944 2096 336 ) (-936 2096 336 ) 
4 24 29 (-944 2096 336 ) (-944 2176 336 ) (-936 2176 336 ) (-936 2096 336 ) 
4 24 28 (-848 2048 336 ) (-936 2048 336 ) (-936 2176 336 ) (-848 2176 336 ) 
4 24 31 (-944 2048 336 ) (-1024 2048 336 ) (-1024 2176 336 ) (-944 2176 336 ) 
4 24 25 (0 2048 336 ) (-624 2048 336 ) (-624 2176 336 ) (0 2176 336 ) 
4 24 26 (-640 2048 336 ) (-840 2048 336 ) (-840 2176 336 ) (-640 2176 336 ) 
4 25 190 (0 2048 208 ) (0 2048 336 ) (-624 2048 336 ) (-624 2048 208 ) 
4 25 32 (-624 2176 208 ) (0 2176 208 ) (0 2048 208 ) (-624 2048 208 ) 
4 26 194 (-688 2048 336 ) (-840 2048 336 ) (-840 2048 208 ) (-688 2048 208 ) 
4 26 191 (-640 2048 336 ) (-688 2048 336 ) (-688 2048 208 ) (-640 2048 208 ) 
4 26 27 (-840 2168 208 ) (-840 2104 208 ) (-840 2104 320 ) (-840 2168 320 ) 
4 27 28 (-848 2168 208 ) (-848 2104 208 ) (-848 2104 320 ) (-848 2168 320 ) 
4 28 196 (-848 2048 336 ) (-936 2048 336 ) (-936 2048 208 ) (-848 2048 208 ) 
4 28 33 (-848 2096 208 ) (-848 2048 208 ) (-936 2048 208 ) (-936 2096 208 ) 
4 28 30 (-936 2048 216 ) (-936 2048 336 ) (-936 2096 336 ) (-936 2096 216 ) 
4 28 29 (-936 2176 208 ) (-936 2096 208 ) (-936 2096 336 ) (-936 2176 336 ) 
4 29 30 (-944 2096 336 ) (-944 2096 216 ) (-936 2096 216 ) (-936 2096 336 ) 
4 29 31 (-944 2176 208 ) (-944 2096 208 ) (-944 2096 336 ) (-944 2176 336 ) 
4 30 198 (-936 2048 336 ) (-944 2048 336 ) (-944 2048 216 ) (-936 2048 216 ) 
4 30 31 (-944 2048 216 ) (-944 2048 336 ) (-944 2096 336 ) (-944 2096 216 ) 
4 31 199 (-944 2048 336 ) (-1024 2048 336 ) (-1024 2048 208 ) (-944 2048 208 ) 
4 31 110 (-1024 2048 208 ) (-1024 2048 320 ) (-1024 2096 320 ) (-1024 2096 208 ) 
4 31 109 (-1024 2048 320 ) (-1024 2048 336 ) (-1024 2096 336 ) (-1024 2096 320 ) 
4 31 106 (-1024 2096 336 ) (-1024 2176 336 ) (-1024 2176 208 ) (-1024 2096 208 ) 
4 32 203 (0 2048 200 ) (0 2048 208 ) (-624 2048 208 ) (-624 2048 200 ) 
4 32 70 (0 2176 200 ) (0 2048 200 ) (-624 2048 200 ) (-624 2176 200 ) 
4 33 204 (-848 2048 208 ) (-936 2048 208 ) (-936 2048 200 ) (-848 2048 200 ) 
4 33 83 (-936 2064 200 ) (-936 2080 200 ) (-848 2080 200 ) (-848 2064 200 ) 
4 33 84 (-848 2048 200 ) (-936 2048 200 ) (-936 2064 200 ) (-848 2064 200 ) 
5 34 59 (0 2192 -300 ) (0 2192 -24.653076 ) (-169.600220 2192 -16 ) (-640 2192 -16 ) (-640 2192 -300 ) 
3 34 55 (-169.600220 2192 -16 ) (-624 2192 7.183674 ) (-624 2192 -16 ) 
4 34 52 (-640 2192 -300 ) (-640 2192 -16 ) (-640 3072 -16 ) (-640 3072 -300 ) 
4 34 47 (-640 2192 -16 ) (-640 2192 8 ) (-640 2480 8 ) (-640 2480 -16 ) 
4 34 43 (-640 2480 8 ) (-640 2976 8 ) (-640 2976 -16 ) (-640 2480 -16 ) 
4 34 39 (-640 2976 8 ) (-640 3072 8 ) (-640 3072 -16 ) (-640 2976 -16 ) 
4 34 36 (-640 3072 8 ) (-640 2976 8 ) (0 2701.714355 -24.653065 ) (0 3072 -24.653065 ) 
3 35 54 (0 2192 7.346939 ) (0 2192 8 ) (-12.799988 2192 8 ) 
5 35 53 (0 2192 8 ) (0 2192 200 ) (-624 2192 200 ) (-624 2192 39.183674 ) (-12.799988 2192 8 ) 
4 35 46 (-640 2341.330078 64 ) (-640 2480 64 ) (-640 2480 40 ) (-640 2341.330078 40 ) 
4 35 45 (-640 2192 64 ) (-640 2192 200 ) (-640 2480 200 ) (-640 2480 64 ) 
4 35 41 (-640 2976 40 ) (-640 2480 40 ) (-640 2480 112 ) (-640 2976 112 ) 
4 35 40 (-640 2480 112 ) (-640 2480 184 ) (-640 2976 184 ) (-640 2976 112 ) 
4 35 39 (-640 3072 184 ) (-640 3072 40 ) (-640 2976 40 ) (-640 2976 184 ) 
4 35 37 (-640 2480 200 ) (-640 3072 200 ) (-640 3072 184 ) (-640 2480 184 ) 
4 35 36 (-640 2976 40 ) (-640 3072 40 ) (0 3072 7.347054 ) (0 2701.714355 7.346999 ) 
4 36 39 (-640 2976 40 ) (-640 3072 40 ) (-640 3072 8 ) (-640 2976 8 ) 
4 37 45 (-928 2480 184 ) (-640 2480 184 ) (-640 2480 200 ) (-928 2480 200 ) 
4 37 40 (-640 2480 184 ) (-928 2480 184 ) (-928 2976 184 ) (-640 2976 184 ) 
4 37 39 (-928 2976 184 ) (-928 3072 184 ) (-640 3072 184 ) (-640 2976 184 ) 
4 37 38 (-928 3072 184 ) (-928 2528 184 ) (-928 2528 200 ) (-928 3072 200 ) 
4 38 60 (-944 2528 200 ) (-944 3072 200 ) (-944 3072 184 ) (-944 2528 184 ) 
4 38 40 (-944 2528 184 ) (-944 2976 184 ) (-928 2976 184 ) (-928 2528 184 ) 
4 38 39 (-944 2976 184 ) (-944 3072 184 ) (-928 3072 184 ) (-928 2976 184 ) 
4 39 62 (-944 3072 184 ) (-944 3072 -16 ) (-944 2976 -16 ) (-944 2976 184 ) 
4 39 52 (-640 3072 -16 ) (-640 2976 -16 ) (-944 2976 -16 ) (-944 3072 -16 ) 
4 39 44 (-944 2976 -16 ) (-928 2976 -16 ) (-928 2976 8 ) (-944 2976 8 ) 
4 39 43 (-928 2976 -16 ) (-640 2976 -16 ) (-640 2976 8 ) (-928 2976 8 ) 
4 39 42 (-928 2976 112 ) (-944 2976 112 ) (-944 2976 40 ) (-928 2976 40 ) 
4 39 41 (-640 2976 40 ) (-640 2976 112 ) (-928 2976 112 ) (-928 2976 40 ) 
4 39 40 (-640 2976 112 ) (-640 2976 184 ) (-944 2976 184 ) (-944 2976 112 ) 
4 40 63 (-944 2480 112 ) (-944 2480 184 ) (-944 2976 184 ) (-944 2976 112 ) 
4 40 45 (-928 2480 112 ) (-640 2480 112 ) (-640 2480 184 ) (-928 2480 184 ) 
4 40 42 (-944 2528 112 ) (-944 2976 112 ) (-928 2976 112 ) (-928 2528 112 ) 
4 40 41 (-640 2480 112 ) (-928 2480 112 ) (-928 2976 112 ) (-640 2976 112 ) 
4 41 46 (-640 2480 40 ) (-640 2480 64 ) (-749.778931 2480 64 ) (-749.778931 2480 40 ) 
4 41 45 (-640 2480 64 ) (-640 2480 112 ) (-928 2480 112 ) (-928 2480 64 ) 
4 41 42 (-928 2528 112 ) (-928 2976 112 ) (-928 2976 40 ) (-928 2528 40 ) 
4 42 64 (-944 2528 112 ) (-944 2976 112 ) (-944 2976 40 ) (-944 2528 40 ) 
4 43 52 (-640 2976 -16 ) (-640 2480 -16 ) (-928 2480 -16 ) (-928 2976 -16 ) 
4 43 47 (-928 2480 -16 ) (-640 2480 -16 ) (-640 2480 8 ) (-928 2480 8 ) 
4 43 44 (-928 2528 8 ) (-928 2976 8 ) (-928 2976 -16 ) (-928 2528 -16 ) 
4 44 65 (-944 2976 -16 ) (-944 2528 -16 ) (-944 2528 8 ) (-944 2976 8 ) 
4 44 52 (-944 2528 -16 ) (-944 2976 -16 ) (-928 2976 -16 ) (-928 2528 -16 ) 
4 45 56 (-784 2192 184 ) (-784 2192 72 ) (-672 2192 72 ) (-672 2192 184 ) 
4 45 50 (-928 2436 64 ) (-928 2336 64 ) (-928 2336 144 ) (-928 2436 144 ) 
4 45 48 (-928 2436 144 ) (-928 2336 144 ) (-928 2336 184 ) (-928 2436 184 ) 
4 45 49 (-928 2312 144 ) (-928 2208 144 ) (-928 2208 184 ) (-928 2312 184 ) 
3 45 46 (-749.778931 2480 64 ) (-640 2480 64 ) (-640 2341.330078 64 ) 
4 47 58 (-784 2192 -16 ) (-672 2192 -16 ) (-672 2192 8 ) (-784 2192 8 ) 
4 47 52 (-640 2480 -16 ) (-640 2192 -16 ) (-928 2192 -16 ) (-928 2480 -16 ) 
4 47 51 (-928 2436 -16 ) (-928 2336 -16 ) (-928 2336 8 ) (-928 2436 8 ) 
4 48 63 (-944 2436 144 ) (-944 2336 144 ) (-944 2336 184 ) (-944 2436 184 ) 
4 48 50 (-928 2436 144 ) (-928 2336 144 ) (-944 2336 144 ) (-944 2436 144 ) 
4 49 63 (-944 2312 144 ) (-944 2208 144 ) (-944 2208 184 ) (-944 2312 184 ) 
4 50 66 (-944 2336 72 ) (-944 2336 112 ) (-944 2436 112 ) (-944 2436 72 ) 
4 50 63 (-944 2336 112 ) (-944 2336 144 ) (-944 2436 144 ) (-944 2436 112 ) 
4 51 68 (-944 2436 -16 ) (-944 2336 -16 ) (-944 2336 8 ) (-944 2436 8 ) 
4 51 52 (-944 2336 -16 ) (-944 2436 -16 ) (-928 2436 -16 ) (-928 2336 -16 ) 
4 52 69 (-944 3072 -16 ) (-944 3072 -300 ) (-944 2192 -300 ) (-944 2192 -16 ) 
4 52 59 (-944 2192 -16 ) (-944 2192 -300 ) (-640 2192 -300 ) (-640 2192 -16 ) 
5 53 70 (0 2176 200 ) (-624 2176 200 ) (-624 2176 39.183655 ) (-12.800049 2176 8 ) (0 2176 8 ) 
4 53 54 (0 2176 8 ) (-12.800014 2176 8 ) (-12.800049 2192 8 ) (0 2192 8 ) 
3 54 70 (0 2176 7.346937 ) (0 2176 8 ) (-12.800014 2176 8 ) 
3 55 71 (-624 2176 -16 ) (-169.599945 2176 -16 ) (-624 2176 7.183674 ) 
4 55 59 (-169.599976 2176 -16 ) (-624 2176 -16 ) (-624 2192 -16 ) (-169.599945 2192 -16 ) 
4 56 74 (-784 2176 184 ) (-784 2176 72 ) (-672 2176 72 ) (-672 2176 184 ) 
4 57 77 (-784 2176 56 ) (-784 2176 40 ) (-672 2176 40 ) (-672 2176 56 ) 
4 58 78 (-784 2176 8 ) (-784 2176 -16 ) (-672 2176 -16 ) (-672 2176 8 ) 
4 58 59 (-672 2176 -16 ) (-784 2176 -16 ) (-784 2192 -16 ) (-672 2192 -16 ) 
4 59 95 (-944 2176 -16 ) (-944 2176 -300 ) (-640 2176 -300 ) (-640 2176 -16 ) 
4 59 72 (-640 2176 -300 ) (-624 2176 -300 ) (-624 2176 -16 ) (-640 2176 -16 ) 
5 59 71 (-624 2176 -300 ) (0 2176 -300 ) (0 2176 -24.653046 ) (-169.599991 2176 -16 ) (-624 2176 -16 ) 
4 59 69 (-944 2176 -300 ) (-944 2176 -16 ) (-944 2192 -16 ) (-944 2192 -300 ) 
4 60 115 (-1024 2528 200 ) (-1024 3072 200 ) (-1024 3072 184 ) (-1024 2528 184 ) 
4 60 63 (-944 2976 184 ) (-944 2528 184 ) (-1024 2528 184 ) (-1024 2976 184 ) 
4 60 62 (-944 3072 184 ) (-944 2976 184 ) (-1024 2976 184 ) (-1024 3072 184 ) 
4 61 121 (-1024 2176 184 ) (-1024 2176 200 ) (-1024 2512 200 ) (-1024 2512 184 ) 
4 61 85 (-944 2176 200 ) (-1024 2176 200 ) (-1024 2176 184 ) (-944 2176 184 ) 
4 61 63 (-944 2512 184 ) (-944 2176 184 ) (-1024 2176 184 ) (-1024 2512 184 ) 
4 62 116 (-1024 2976 184 ) (-1024 3072 184 ) (-1024 3072 -16 ) (-1024 2976 -16 ) 
4 62 65 (-1024 2976 -16 ) (-944 2976 -16 ) (-944 2976 8 ) (-1024 2976 8 ) 
4 62 64 (-944 2976 40 ) (-944 2976 112 ) (-1024 2976 112 ) (-1024 2976 40 ) 
4 62 63 (-944 2976 112 ) (-944 2976 184 ) (-1024 2976 184 ) (-1024 2976 112 ) 
4 62 69 (-944 3072 -16 ) (-944 2976 -16 ) (-1024 2976 -16 ) (-1024 3072 -16 ) 
4 63 121 (-1024 2176 112 ) (-1024 2176 184 ) (-1024 2512 184 ) (-1024 2512 112 ) 
4 63 117 (-1024 2512 184 ) (-1024 2976 184 ) (-1024 2976 112 ) (-1024 2512 112 ) 
4 63 89 (-1024 2176 184 ) (-1024 2176 112 ) (-944 2176 112 ) (-944 2176 184 ) 
4 63 66 (-944 2512 112 ) (-944 2176 112 ) (-1024 2176 112 ) (-1024 2512 112 ) 
4 63 64 (-1024 2976 112 ) (-944 2976 112 ) (-944 2528 112 ) (-1024 2528 112 ) 
4 64 118 (-1024 2528 112 ) (-1024 2976 112 ) (-1024 2976 40 ) (-1024 2528 40 ) 
4 65 119 (-1024 2976 8 ) (-1024 2976 -16 ) (-1024 2528 -16 ) (-1024 2528 8 ) 
4 65 69 (-944 2976 -16 ) (-944 2528 -16 ) (-1024 2528 -16 ) (-1024 2976 -16 ) 
4 66 121 (-1024 2176 72 ) (-1024 2176 112 ) (-1024 2512 112 ) (-1024 2512 72 ) 
4 66 89 (-1024 2176 112 ) (-1024 2176 72 ) (-944 2176 72 ) (-944 2176 112 ) 
4 67 122 (-1024 2176 40 ) (-1024 2176 56 ) (-1024 2512 56 ) (-1024 2512 40 ) 
4 67 90 (-1024 2176 56 ) (-1024 2176 40 ) (-944 2176 40 ) (-944 2176 56 ) 
4 68 123 (-1024 2176 -16 ) (-1024 2176 8 ) (-1024 2512 8 ) (-1024 2512 -16 ) 
4 68 93 (-1024 2176 8 ) (-1024 2176 -16 ) (-944 2176 -16 ) (-944 2176 8 ) 
4 68 69 (-944 2512 -16 ) (-944 2176 -16 ) (-1024 2176 -16 ) (-1024 2512 -16 ) 
4 69 123 (-1024 2176 -300 ) (-1024 2176 -16 ) (-1024 2512 -16 ) (-1024 2512 -300 ) 
4 69 120 (-1024 2512 -16 ) (-1024 3072 -16 ) (-1024 3072 -300 ) (-1024 2512 -300 ) 
4 69 95 (-1024 2176 -16 ) (-1024 2176 -300 ) (-944 2176 -300 ) (-944 2176 -16 ) 
4 70 231 (-608 2048 144 ) (-624 2048 144 ) (-624 2048 39.183685 ) (-608 2048 38.367359 ) 
4 70 229 (-304 2048 144 ) (-608 2048 144 ) (-608 2048 38.367359 ) (-304 2048 22.857155 ) 
4 70 226 (-288 2048 144 ) (-304 2048 144 ) (-304 2048 22.857155 ) (-288 2048 22.040829 ) 
4 70 215 (0 2048 7.346954 ) (0 2048 120 ) (-288 2048 120 ) (-288 2048 22.040829 ) 
4 70 214 (0 2048 120 ) (0 2048 144 ) (-288 2048 144 ) (-288 2048 120 ) 
4 70 213 (0 2048 144 ) (0 2048 200 ) (-624 2048 200 ) (-624 2048 144 ) 
5 71 234 (-296 2048 -9.551010 ) (-483.199890 2048 0 ) (-624 2048 0 ) (-624 2048 -32 ) (-296 2048 -32 ) 
4 71 233 (-288 2048 -9.959173 ) (-296 2048 -9.551010 ) (-296 2048 -32 ) (-288 2048 -32 ) 
4 71 232 (-608 2048 6.367352 ) (-624 2048 7.183678 ) (-624 2048 0 ) (-608 2048 0 ) 
3 71 230 (-483.199890 2048 0 ) (-608 2048 6.367352 ) (-608 2048 0 ) 
4 71 216 (0 2048 -32 ) (0 2048 -24.653046 ) (-288 2048 -9.959173 ) (-288 2048 -32 ) 
4 71 236 (0 2048 -300 ) (0 2048 -32 ) (-624 2048 -32 ) (-624 2048 -300 ) 
4 71 72 (-624 2176 -16 ) (-624 2176 -300 ) (-624 2048 -300 ) (-624 2048 -16 ) 
4 72 237 (-640 2048 -16 ) (-640 2048 -300 ) (-624 2048 -300 ) (-624 2048 -16 ) 
4 72 95 (-640 2176 -16 ) (-640 2176 -300 ) (-640 2048 -300 ) (-640 2048 -16 ) 
4 73 79 (-840 2112 184 ) (-640 2112 184 ) (-640 2112 200 ) (-840 2112 200 ) 
4 73 74 (-640 2112 184 ) (-840 2112 184 ) (-840 2176 184 ) (-640 2176 184 ) 
4 74 79 (-840 2112 72 ) (-640 2112 72 ) (-640 2112 184 ) (-840 2112 184 ) 
4 74 75 (-840 2176 72 ) (-840 2175.750000 72 ) (-840 2175.750000 184 ) (-840 2176 184 ) 
4 74 76 (-840 2167.750000 72 ) (-840 2112 72 ) (-840 2112 184 ) (-840 2167.750000 184 ) 
4 75 86 (-848 2176 184 ) (-848 2176 72 ) (-848 2175.750000 72 ) (-848 2175.750000 184 ) 
4 76 86 (-848 2167.750000 72 ) (-848 2112 72 ) (-848 2112 184 ) (-848 2167.750000 184 ) 
4 77 88 (-848 2176 56 ) (-848 2176 40 ) (-848 2112 40 ) (-848 2112 56 ) 
4 77 80 (-840 2112 40 ) (-640 2112 40 ) (-640 2112 56 ) (-840 2112 56 ) 
4 78 95 (-848 2176 -16 ) (-640 2176 -16 ) (-640 2112 -16 ) (-848 2112 -16 ) 
4 78 91 (-848 2176 8 ) (-848 2176 -16 ) (-848 2112 -16 ) (-848 2112 8 ) 
4 78 80 (-840 2112 -16 ) (-640 2112 -16 ) (-640 2112 8 ) (-840 2112 8 ) 
4 79 238 (-640 2048 72 ) (-640 2048 200 ) (-840 2048 200 ) (-840 2048 72 ) 
4 80 239 (-640 2048 -16 ) (-640 2048 56 ) (-840 2048 56 ) (-840 2048 -16 ) 
4 80 95 (-640 2112 -16 ) (-640 2048 -16 ) (-840 2048 -16 ) (-840 2112 -16 ) 
4 81 86 (-936 2176 184 ) (-848 2176 184 ) (-848 2096 184 ) (-936 2096 184 ) 
4 81 82 (-936 2096 192 ) (-936 2096 184 ) (-848 2096 184 ) (-848 2096 192 ) 
4 82 86 (-848 2096 184 ) (-848 2080 184 ) (-936 2080 184 ) (-936 2096 184 ) 
4 83 84 (-936 2064 200 ) (-936 2064 192 ) (-848 2064 192 ) (-848 2064 200 ) 
4 84 254 (-848 2048 200 ) (-936 2048 200 ) (-936 2048 184 ) (-848 2048 184 ) 
4 85 295 (-944 2048 200 ) (-1024 2048 200 ) (-1024 2048 184 ) (-944 2048 184 ) 
4 85 121 (-1024 2048 184 ) (-1024 2048 200 ) (-1024 2176 200 ) (-1024 2176 184 ) 
4 85 89 (-1024 2048 184 ) (-1024 2176 184 ) (-944 2176 184 ) (-944 2048 184 ) 
4 86 87 (-936 2064 176 ) (-936 2064 72 ) (-848 2064 72 ) (-848 2064 176 ) 
4 87 276 (-848 2048 72 ) (-848 2048 88 ) (-936 2048 88 ) (-936 2048 72 ) 
4 87 270 (-848 2048 88 ) (-848 2048 112 ) (-936 2048 112 ) (-936 2048 88 ) 
4 87 255 (-848 2048 112 ) (-848 2048 168 ) (-936 2048 168 ) (-936 2048 112 ) 
4 88 280 (-936 2048 40 ) (-848 2048 40 ) (-848 2048 56 ) (-936 2048 56 ) 
4 88 92 (-848 2112 40 ) (-848 2048 40 ) (-936 2048 40 ) (-936 2112 40 ) 
4 89 295 (-1024 2048 184 ) (-1024 2048 72 ) (-944 2048 72 ) (-944 2048 184 ) 
4 89 121 (-1024 2048 72 ) (-1024 2048 184 ) (-1024 2176 184 ) (-1024 2176 72 ) 
4 90 296 (-1024 2048 56 ) (-1024 2048 40 ) (-944 2048 40 ) (-944 2048 56 ) 
4 90 122 (-1024 2112 56 ) (-1024 2176 56 ) (-1024 2176 40 ) (-1024 2112 40 ) 
4 90 124 (-1024 2048 40 ) (-1024 2048 56 ) (-1024 2112 56 ) (-1024 2112 40 ) 
4 90 94 (-944 2112 40 ) (-944 2048 40 ) (-1024 2048 40 ) (-1024 2112 40 ) 
4 91 95 (-936 2176 -16 ) (-848 2176 -16 ) (-848 2112 -16 ) (-936 2112 -16 ) 
4 91 92 (-936 2112 -16 ) (-848 2112 -16 ) (-848 2112 8 ) (-936 2112 8 ) 
4 92 280 (-936 2048 -16 ) (-848 2048 -16 ) (-848 2048 40 ) (-936 2048 40 ) 
4 92 95 (-848 2112 -16 ) (-848 2048 -16 ) (-936 2048 -16 ) (-936 2112 -16 ) 
4 93 123 (-1024 2176 8 ) (-1024 2176 -16 ) (-1024 2112 -16 ) (-1024 2112 8 ) 
4 93 95 (-1024 2112 -16 ) (-1024 2176 -16 ) (-944 2176 -16 ) (-944 2112 -16 ) 
4 93 94 (-1024 2112 -16 ) (-944 2112 -16 ) (-944 2112 8 ) (-1024 2112 8 ) 
4 94 296 (-1024 2048 40 ) (-1024 2048 -16 ) (-944 2048 -16 ) (-944 2048 40 ) 
4 94 124 (-1024 2048 -16 ) (-1024 2048 40 ) (-1024 2112 40 ) (-1024 2112 -16 ) 
4 94 95 (-1024 2048 -16 ) (-1024 2112 -16 ) (-944 2112 -16 ) (-944 2048 -16 ) 
4 95 302 (-936 2048 -16 ) (-1024 2048 -16 ) (-1024 2048 -300 ) (-936 2048 -300 ) 
4 95 280 (-848 2048 -16 ) (-936 2048 -16 ) (-936 2048 -300 ) (-848 2048 -300 ) 
4 95 242 (-640 2048 -300 ) (-640 2048 -16 ) (-848 2048 -16 ) (-848 2048 -300 ) 
4 95 123 (-1024 2112 -16 ) (-1024 2176 -16 ) (-1024 2176 -300 ) (-1024 2112 -300 ) 
4 95 124 (-1024 2048 -300 ) (-1024 2048 -16 ) (-1024 2112 -16 ) (-1024 2112 -300 ) 
4 96 125 (-1264 3072 640 ) (-1264 3072 336 ) (-1264 2428 336 ) (-1264 2428 640 ) 
4 96 104 (-1264 2428 640 ) (-1264 2428 336 ) (-1024 2428 336 ) (-1024 2428 640 ) 
4 96 97 (-1264 2436 336 ) (-1264 3072 336 ) (-1024 3072 336 ) (-1024 2436 336 ) 
4 97 126 (-1264 3072 336 ) (-1264 3072 320 ) (-1264 2436 320 ) (-1264 2436 336 ) 
4 97 99 (-1264 2512 320 ) (-1264 2528 320 ) (-1024 2528 320 ) (-1024 2512 320 ) 
4 97 98 (-1264 2528 320 ) (-1264 3072 320 ) (-1024 3072 320 ) (-1024 2528 320 ) 
4 97 100 (-1264 2436 320 ) (-1264 2512 320 ) (-1024 2512 320 ) (-1024 2436 320 ) 
4 98 127 (-1264 3072 256 ) (-1264 3072 208 ) (-1264 2528 208 ) (-1264 2528 256 ) 
4 98 126 (-1264 3072 320 ) (-1264 3072 256 ) (-1264 2528 256 ) (-1264 2528 320 ) 
4 98 115 (-1264 2528 208 ) (-1264 3072 208 ) (-1024 3072 208 ) (-1024 2528 208 ) 
4 98 99 (-1024 2528 256 ) (-1024 2528 320 ) (-1264 2528 320 ) (-1264 2528 256 ) 
4 99 126 (-1264 2512 256 ) (-1264 2512 320 ) (-1264 2528 320 ) (-1264 2528 256 ) 
4 99 100 (-1024 2512 256 ) (-1024 2512 320 ) (-1264 2512 320 ) (-1264 2512 256 ) 
4 100 126 (-1264 2436 256 ) (-1264 2436 320 ) (-1264 2512 320 ) (-1264 2512 256 ) 
4 100 103 (-1176 2436 260 ) (-1176 2436 320 ) (-1256 2436 320 ) (-1256 2436 260 ) 
4 100 102 (-1168 2436 208 ) (-1040 2436 208 ) (-1040 2436 320 ) (-1168 2436 320 ) 
4 100 101 (-1024 2436 260 ) (-1024 2436 320 ) (-1032 2436 320 ) (-1032 2436 260 ) 
4 101 105 (-1024 2428 260 ) (-1024 2428 320 ) (-1032 2428 320 ) (-1032 2428 260 ) 
4 102 108 (-1168 2428 208 ) (-1064 2428 208 ) (-1064 2428 320 ) (-1168 2428 320 ) 
4 102 107 (-1064 2428 208 ) (-1056 2428 208 ) (-1056 2428 320 ) (-1064 2428 320 ) 
4 102 105 (-1056 2428 208 ) (-1040 2428 208 ) (-1040 2428 320 ) (-1056 2428 320 ) 
4 103 108 (-1176 2428 260 ) (-1176 2428 320 ) (-1256 2428 320 ) (-1256 2428 260 ) 
4 104 303 (-1024 2048 336 ) (-1024 2048 640 ) (-1264 2048 640 ) (-1264 2048 336 ) 
4 104 125 (-1264 2048 336 ) (-1264 2048 640 ) (-1264 2428 640 ) (-1264 2428 336 ) 
4 104 112 (-1064 2048 336 ) (-1176 2048 336 ) (-1176 2096 336 ) (-1064 2096 336 ) 
4 104 114 (-1184 2048 336 ) (-1264 2048 336 ) (-1264 2096 336 ) (-1184 2096 336 ) 
4 104 109 (-1024 2048 336 ) (-1056 2048 336 ) (-1056 2096 336 ) (-1024 2096 336 ) 
4 104 108 (-1264 2104 336 ) (-1264 2428 336 ) (-1064 2428 336 ) (-1064 2104 336 ) 
4 104 107 (-1064 2428 336 ) (-1056 2428 336 ) (-1056 2184 336 ) (-1064 2184 336 ) 
4 104 105 (-1056 2428 336 ) (-1024 2428 336 ) (-1024 2184 336 ) (-1056 2184 336 ) 
4 104 106 (-1024 2176 336 ) (-1024 2096 336 ) (-1056 2096 336 ) (-1056 2176 336 ) 
4 105 107 (-1056 2184 336 ) (-1056 2428 336 ) (-1056 2428 208 ) (-1056 2184 208 ) 
4 106 110 (-1056 2096 208 ) (-1024 2096 208 ) (-1024 2096 320 ) (-1056 2096 320 ) 
4 106 109 (-1024 2096 320 ) (-1024 2096 336 ) (-1056 2096 336 ) (-1056 2096 320 ) 
4 107 108 (-1064 2184 336 ) (-1064 2428 336 ) (-1064 2428 208 ) (-1064 2184 208 ) 
4 109 304 (-1024 2048 320 ) (-1024 2048 336 ) (-1056 2048 336 ) (-1056 2048 320 ) 
4 109 110 (-1056 2096 320 ) (-1024 2096 320 ) (-1024 2048 320 ) (-1056 2048 320 ) 
4 110 304 (-1024 2048 208 ) (-1024 2048 320 ) (-1056 2048 320 ) (-1056 2048 208 ) 
4 110 111 (-1056 2048 320 ) (-1056 2088 320 ) (-1056 2088 208 ) (-1056 2048 208 ) 
4 111 305 (-1056 2048 320 ) (-1064 2048 320 ) (-1064 2048 208 ) (-1056 2048 208 ) 
4 111 112 (-1064 2088 208 ) (-1064 2048 208 ) (-1064 2048 320 ) (-1064 2088 320 ) 
4 112 307 (-1064 2048 336 ) (-1176 2048 336 ) (-1176 2048 208 ) (-1064 2048 208 ) 
4 112 113 (-1176 2096 264 ) (-1176 2096 208 ) (-1176 2048 208 ) (-1176 2048 264 ) 
4 113 114 (-1184 2096 264 ) (-1184 2096 208 ) (-1184 2048 208 ) (-1184 2048 264 ) 
4 114 312 (-1184 2048 336 ) (-1264 2048 336 ) (-1264 2048 208 ) (-1184 2048 208 ) 
4 114 128 (-1264 2096 208 ) (-1264 2048 208 ) (-1264 2048 336 ) (-1264 2096 336 ) 
4 115 133 (-1264 3072 200 ) (-1264 3072 184 ) (-1264 2528 184 ) (-1264 2528 200 ) 
4 115 127 (-1264 3072 208 ) (-1264 3072 200 ) (-1264 2528 200 ) (-1264 2528 208 ) 
4 115 117 (-1264 2528 184 ) (-1264 2976 184 ) (-1024 2976 184 ) (-1024 2528 184 ) 
4 115 116 (-1264 2976 184 ) (-1264 3072 184 ) (-1024 3072 184 ) (-1024 2976 184 ) 
4 116 134 (-1264 3072 184 ) (-1264 3072 -16 ) (-1264 2976 -16 ) (-1264 2976 184 ) 
4 116 119 (-1264 2976 -16 ) (-1024 2976 -16 ) (-1024 2976 8 ) (-1264 2976 8 ) 
4 116 118 (-1024 2976 40 ) (-1024 2976 112 ) (-1264 2976 112 ) (-1264 2976 40 ) 
4 116 117 (-1024 2976 112 ) (-1024 2976 184 ) (-1264 2976 184 ) (-1264 2976 112 ) 
4 116 120 (-1264 2976 -16 ) (-1264 3072 -16 ) (-1024 3072 -16 ) (-1024 2976 -16 ) 
4 117 135 (-1264 2512 112 ) (-1264 2512 184 ) (-1264 2976 184 ) (-1264 2976 112 ) 
4 117 121 (-1024 2512 112 ) (-1024 2512 184 ) (-1264 2512 184 ) (-1264 2512 112 ) 
4 117 118 (-1264 2528 112 ) (-1264 2976 112 ) (-1024 2976 112 ) (-1024 2528 112 ) 
4 118 136 (-1264 2528 112 ) (-1264 2976 112 ) (-1264 2976 40 ) (-1264 2528 40 ) 
4 119 137 (-1264 2976 -16 ) (-1264 2528 -16 ) (-1264 2528 8 ) (-1264 2976 8 ) 
4 119 120 (-1264 2528 -16 ) (-1264 2976 -16 ) (-1024 2976 -16 ) (-1024 2528 -16 ) 
4 120 149 (-1264 3072 -16 ) (-1264 3072 -300 ) (-1264 2512 -300 ) (-1264 2512 -16 ) 
4 120 123 (-1024 2512 -300 ) (-1024 2512 -16 ) (-1264 2512 -16 ) (-1264 2512 -300 ) 
4 121 314 (-1024 2048 72 ) (-1024 2048 200 ) (-1264 2048 200 ) (-1264 2048 72 ) 
4 121 144 (-1264 2048 72 ) (-1264 2048 200 ) (-1264 2095.750000 200 ) (-1264 2095.750000 72 ) 
4 121 143 (-1264 2095.750000 200 ) (-1264 2096 200 ) (-1264 2096 72 ) (-1264 2095.750000 72 ) 
4 121 138 (-1264 2335.750000 184 ) (-1264 2335.750000 112 ) (-1264 2271.750000 112 ) (-1264 2271.750000 184 ) 
4 121 135 (-1264 2512 184 ) (-1264 2512 112 ) (-1264 2480 112 ) (-1264 2480 184 ) 
4 122 124 (-1024 2112 40 ) (-1024 2112 56 ) (-1264 2112 56 ) (-1264 2112 40 ) 
4 123 149 (-1264 2512 -16 ) (-1264 2512 -300 ) (-1264 2112 -300 ) (-1264 2112 -16 ) 
4 123 124 (-1264 2112 -300 ) (-1024 2112 -300 ) (-1024 2112 8 ) (-1264 2112 8 ) 
4 124 315 (-1024 2048 -300 ) (-1024 2048 56 ) (-1264 2048 56 ) (-1264 2048 -300 ) 
4 124 149 (-1264 2048 -300 ) (-1264 2048 -16 ) (-1264 2112 -16 ) (-1264 2112 -300 ) 
4 124 145 (-1264 2048 -16 ) (-1264 2048 56 ) (-1264 2095.750000 56 ) (-1264 2095.750000 -16 ) 
4 124 143 (-1264 2095.750000 56 ) (-1264 2096 56 ) (-1264 2096 -16 ) (-1264 2095.750000 -16 ) 
4 125 303 (-1264 2048 336 ) (-1264 2048 640 ) (-1984 2048 640 ) (-1984 2048 336 ) 
4 125 132 (-1448 2048 336 ) (-1984 2048 336 ) (-1984 2112 336 ) (-1448 2112 336 ) 
4 125 131 (-1280 2096 336 ) (-1280 2048 336 ) (-1432 2048 336 ) (-1432 2096 336 ) 
4 125 129 (-1984 3072 336 ) (-1280 3072 336 ) (-1280 2112 336 ) (-1984 2112 336 ) 
4 125 128 (-1264 2096 336 ) (-1264 2048 336 ) (-1280 2048 336 ) (-1280 2096 336 ) 
4 125 126 (-1280 3072 336 ) (-1264 3072 336 ) (-1264 2436 336 ) (-1280 2436 336 ) 
4 126 129 (-1280 2436 256 ) (-1280 2436 336 ) (-1280 3072 336 ) (-1280 3072 256 ) 
4 126 127 (-1280 2528 256 ) (-1280 3072 256 ) (-1264 3072 256 ) (-1264 2528 256 ) 
4 127 133 (-1264 3072 200 ) (-1264 2528 200 ) (-1280 2528 200 ) (-1280 3072 200 ) 
4 127 129 (-1280 3072 200 ) (-1280 2528 200 ) (-1280 2528 256 ) (-1280 3072 256 ) 
4 128 312 (-1264 2048 208 ) (-1264 2048 336 ) (-1280 2048 336 ) (-1280 2048 208 ) 
4 128 131 (-1280 2048 208 ) (-1280 2048 336 ) (-1280 2096 336 ) (-1280 2096 208 ) 
4 129 142 (-1984 3072 200 ) (-1608 3072 200 ) (-1608 2112 200 ) (-1984 2112 200 ) 
4 129 140 (-1280 2976 200 ) (-1280 2112 200 ) (-1608 2112 200 ) (-1608 2976 200 ) 
4 129 139 (-1608 3072 200 ) (-1280 3072 200 ) (-1280 2976 200 ) (-1608 2976 200 ) 
4 129 132 (-1984 2112 200 ) (-1448 2112 200 ) (-1448 2112 336 ) (-1984 2112 336 ) 
4 129 130 (-1312 2112 248 ) (-1312 2112 320 ) (-1408 2112 320 ) (-1408 2112 248 ) 
4 130 131 (-1312 2096 248 ) (-1312 2096 320 ) (-1408 2096 320 ) (-1408 2096 248 ) 
4 131 312 (-1280 2048 336 ) (-1432 2048 336 ) (-1432 2048 208 ) (-1280 2048 208 ) 
4 132 319 (-1984 2048 208 ) (-1984 2048 200 ) (-1608 2048 200 ) (-1608 2048 208 ) 
4 132 318 (-1608 2048 200 ) (-1448 2048 200 ) (-1448 2048 208 ) (-1608 2048 208 ) 
4 132 313 (-1448 2048 336 ) (-1984 2048 336 ) (-1984 2048 208 ) (-1448 2048 208 ) 
4 132 147 (-1448 2048 200 ) (-1608 2048 200 ) (-1608 2112 200 ) (-1448 2112 200 ) 
4 132 148 (-1608 2048 200 ) (-1984 2048 200 ) (-1984 2112 200 ) (-1608 2112 200 ) 
4 133 140 (-1280 2528 200 ) (-1280 2976 200 ) (-1280 2976 184 ) (-1280 2528 184 ) 
4 133 139 (-1280 2976 200 ) (-1280 3072 200 ) (-1280 3072 184 ) (-1280 2976 184 ) 
4 133 135 (-1280 2528 184 ) (-1280 2976 184 ) (-1264 2976 184 ) (-1264 2528 184 ) 
4 133 134 (-1280 2976 184 ) (-1280 3072 184 ) (-1264 3072 184 ) (-1264 2976 184 ) 
4 134 149 (-1280 3072 -16 ) (-1264 3072 -16 ) (-1264 2976 -16 ) (-1280 2976 -16 ) 
4 134 139 (-1280 3072 -16 ) (-1280 2976 -16 ) (-1280 2976 184 ) (-1280 3072 184 ) 
4 134 137 (-1280 2976 8 ) (-1280 2976 -16 ) (-1264 2976 -16 ) (-1264 2976 8 ) 
4 134 136 (-1280 2976 112 ) (-1280 2976 40 ) (-1264 2976 40 ) (-1264 2976 112 ) 
4 134 135 (-1264 2976 184 ) (-1280 2976 184 ) (-1280 2976 112 ) (-1264 2976 112 ) 
4 135 140 (-1280 2480 112 ) (-1280 2480 184 ) (-1280 2976 184 ) (-1280 2976 112 ) 
4 135 136 (-1280 2528 112 ) (-1280 2976 112 ) (-1264 2976 112 ) (-1264 2528 112 ) 
4 136 140 (-1280 2528 112 ) (-1280 2976 112 ) (-1280 2976 40 ) (-1280 2528 40 ) 
4 137 149 (-1264 2976 -16 ) (-1264 2528 -16 ) (-1280 2528 -16 ) (-1280 2976 -16 ) 
4 137 141 (-1280 2976 -16 ) (-1280 2528 -16 ) (-1280 2528 8 ) (-1280 2976 8 ) 
4 138 140 (-1280 2271.750000 112 ) (-1280 2271.750000 184 ) (-1280 2335.750000 184 ) (-1280 2335.750000 112 ) 
4 139 149 (-1608 3072 -16 ) (-1280 3072 -16 ) (-1280 2976 -16 ) (-1608 2976 -16 ) 
4 139 142 (-1608 3072 -16 ) (-1608 2976 -16 ) (-1608 2976 200 ) (-1608 3072 200 ) 
4 139 140 (-1608 2976 200 ) (-1608 2976 40 ) (-1280 2976 40 ) (-1280 2976 200 ) 
4 139 141 (-1608 2976 8 ) (-1608 2976 -16 ) (-1280 2976 -16 ) (-1280 2976 8 ) 
4 140 147 (-1448 2112 200 ) (-1608 2112 200 ) (-1608 2112 40 ) (-1448 2112 40 ) 
4 140 142 (-1608 2112 40 ) (-1608 2112 200 ) (-1608 2976 200 ) (-1608 2976 40 ) 
4 141 149 (-1280 2976 -16 ) (-1280 2112 -16 ) (-1608 2112 -16 ) (-1608 2976 -16 ) 
4 141 146 (-1608 2112 -16 ) (-1448 2112 -16 ) (-1448 2112 8 ) (-1608 2112 8 ) 
4 141 142 (-1608 2976 -16 ) (-1608 2112 -16 ) (-1608 2112 8 ) (-1608 2976 8 ) 
4 142 149 (-1984 3072 -16 ) (-1608 3072 -16 ) (-1608 2112 -16 ) (-1984 2112 -16 ) 
4 142 148 (-1984 2112 -16 ) (-1608 2112 -16 ) (-1608 2112 200 ) (-1984 2112 200 ) 
4 143 149 (-1264 2096 -16 ) (-1264 2095.750000 -16 ) (-1432 2095.750000 -16 ) (-1432 2096 -16 ) 
4 143 144 (-1432 2095.750000 200 ) (-1432 2095.750000 72 ) (-1264 2095.750000 72 ) (-1264 2095.750000 200 ) 
4 143 145 (-1432 2095.750000 56 ) (-1432 2095.750000 -16 ) (-1264 2095.750000 -16 ) (-1264 2095.750000 56 ) 
4 144 314 (-1264 2048 72 ) (-1264 2048 200 ) (-1432 2048 200 ) (-1432 2048 72 ) 
4 145 315 (-1264 2048 -16 ) (-1264 2048 56 ) (-1432 2048 56 ) (-1432 2048 -16 ) 
4 145 149 (-1264 2095.750000 -16 ) (-1264 2048 -16 ) (-1432 2048 -16 ) (-1432 2095.750000 -16 ) 
4 146 317 (-1608 2048 17.739120 ) (-1608 2048 -16 ) (-1448 2048 -16 ) (-1448 2048 17.739124 ) 
4 146 149 (-1608 2112 -16 ) (-1448 2112 -16 ) (-1448 2048 -16 ) (-1608 2048 -16 ) 
4 146 148 (-1608 2112 8 ) (-1608 2112 -16 ) (-1608 2048 -16 ) (-1608 2048 17.739124 ) 
4 147 318 (-1448 2048 200 ) (-1608 2048 200 ) (-1608 2048 49.739120 ) (-1448 2048 49.739128 ) 
4 147 148 (-1608 2112 200 ) (-1608 2112 40 ) (-1608 2048 49.739128 ) (-1608 2048 200 ) 
4 148 319 (-1608 2048 200 ) (-1984 2048 200 ) (-1984 2048 -16 ) (-1608 2048 -16 ) 
4 148 149 (-1984 2112 -16 ) (-1608 2112 -16 ) (-1608 2048 -16 ) (-1984 2048 -16 ) 
4 149 319 (-1608 2048 -16 ) (-1984 2048 -16 ) (-1984 2048 -300 ) (-1608 2048 -300 ) 
4 149 317 (-1448 2048 -16 ) (-1608 2048 -16 ) (-1608 2048 -300 ) (-1448 2048 -300 ) 
4 149 316 (-1432 2048 -16 ) (-1448 2048 -16 ) (-1448 2048 -300 ) (-1432 2048 -300 ) 
4 149 315 (-1264 2048 -300 ) (-1264 2048 -16 ) (-1432 2048 -16 ) (-1432 2048 -300 ) 
4 150 173 (1088 1024 640 ) (1024 1024 640 ) (1024 1024 -300 ) (1088 1024 -300 ) 
4 150 172 (1024 1744 -300 ) (1024 1024 -300 ) (1024 1024 -32 ) (1024 1744 -32 ) 
4 150 170 (1024 1024 -32 ) (1024 1024 0 ) (1024 1744 0 ) (1024 1744 -32 ) 
4 150 165 (1024 2048 0 ) (1024 2048 -300 ) (1024 1744 -300 ) (1024 1744 0 ) 
4 150 152 (1024 2048 144 ) (1024 2048 0 ) (1024 1024 0 ) (1024 1024 144 ) 
4 150 151 (1024 2048 640 ) (1024 2048 144 ) (1024 1024 144 ) (1024 1024 640 ) 
4 151 247 (0 1744 144 ) (0 1024 144 ) (0 1024 200 ) (0 1744 200 ) 
4 151 213 (0 2048 200 ) (0 2048 144 ) (0 1744 144 ) (0 1744 200 ) 
4 151 209 (0 1744 200 ) (0 1024 200 ) (0 1024 640 ) (0 1744 640 ) 
4 151 206 (0 1760 200 ) (0 1744 200 ) (0 1744 336 ) (0 1760 336 ) 
4 151 205 (0 1744 336 ) (0 1744 640 ) (0 1760 640 ) (0 1760 336 ) 
4 151 203 (0 2048 208 ) (0 2048 200 ) (0 1760 200 ) (0 1760 208 ) 
4 151 190 (0 2048 336 ) (0 2048 208 ) (0 1760 208 ) (0 1760 336 ) 
4 151 189 (0 2048 640 ) (0 2048 336 ) (0 1760 336 ) (0 1760 640 ) 
4 151 174 (1024 1024 144 ) (1024 1024 640 ) (0 1024 640 ) (0 1024 144 ) 
4 151 162 (192 1744 144 ) (192 1024 144 ) (0 1024 144 ) (0 1744 144 ) 
4 151 158 (0 2048 144 ) (192 2048 144 ) (192 1744 144 ) (0 1744 144 ) 
4 151 157 (400 1024 144 ) (208 1024 144 ) (208 1184 144 ) (400 1184 144 ) 
4 151 156 (192 1232 144 ) (192 1368 144 ) (208 1368 144 ) (208 1232 144 ) 
4 151 155 (400 1200 144 ) (208 1200 144 ) (208 1648 144 ) (400 1648 144 ) 
4 151 154 (416 1496 144 ) (416 1368 144 ) (400 1368 144 ) (400 1496 144 ) 
4 151 153 (192 2048 144 ) (416 2048 144 ) (416 1664 144 ) (192 1664 144 ) 
4 151 152 (416 2048 144 ) (1024 2048 144 ) (1024 1024 144 ) (416 1024 144 ) 
4 152 175 (1024 1024 0 ) (1024 1024 144 ) (416 1024 144 ) (416 1024 0 ) 
4 152 170 (1024 1024 0 ) (576 1024 0 ) (576 1744 0 ) (1024 1744 0 ) 
4 152 165 (576 2048 0 ) (1024 2048 0 ) (1024 1744 0 ) (576 1744 0 ) 
4 152 154 (416 1496 0 ) (416 1368 0 ) (416 1368 144 ) (416 1496 144 ) 
4 152 153 (416 2048 0 ) (416 1664 0 ) (416 1664 144 ) (416 2048 144 ) 
4 153 164 (192 1744 0 ) (192 1664.250000 0 ) (192 1664.250000 120 ) (192 1744 120 ) 
4 153 162 (192 1664 120 ) (192 1664 144 ) (192 1744 144 ) (192 1744 120 ) 
4 153 159 (192 2048 0 ) (192 1744 0 ) (192 1744 120 ) (192 2048 120 ) 
4 153 158 (192 1744 120 ) (192 1744 144 ) (192 2048 144 ) (192 2048 120 ) 
4 154 155 (400 1496 0 ) (400 1368 0 ) (400 1368 144 ) (400 1496 144 ) 
4 155 156 (208 1368 0 ) (208 1232 0 ) (208 1232 144 ) (208 1368 144 ) 
4 156 163 (192 1368 0 ) (192 1232 0 ) (192 1232 120 ) (192 1368 120 ) 
4 156 162 (192 1232 120 ) (192 1232 144 ) (192 1368 144 ) (192 1368 120 ) 
4 157 176 (400 1024 144 ) (208 1024 144 ) (208 1024 0 ) (400 1024 0 ) 
4 158 214 (0 2048 144 ) (0 2048 120 ) (0 1744 120 ) (0 1744 144 ) 
4 158 162 (192 1744 120 ) (192 1744 144 ) (0 1744 144 ) (0 1744 120 ) 
3 158 161 (40 1744 120 ) (0 1744 120 ) (0 1754.526245 120 ) 
3 158 160 (0 1770.526245 120 ) (0 1785.197388 120 ) (40 1760 120 ) 
5 158 159 (192 1744 120 ) (65.399506 1744 120 ) (0 1785.197388 120 ) (0 2048 120 ) (192 2048 120 ) 
4 159 221 (0 1792 7.346938 ) (0 1785.197388 7.346938 ) (0 1785.197388 120 ) (0 1792 120 ) 
4 159 217 (0 1800 7.346938 ) (0 1792 7.346938 ) (0 1792 120 ) (0 1800 120 ) 
4 159 215 (0 2048 120 ) (0 2048 7.346939 ) (0 1800 7.346938 ) (0 1800 120 ) 
5 159 164 (144 1744 0 ) (192 1744 0 ) (192 1744 120 ) (65.399506 1744 120 ) (65.399498 1744 4.010231 ) 
4 159 160 (40.005074 1759.998657 120 ) (0 1785.199219 120 ) (0 1785.199219 7.346939 ) (40.005077 1759.998657 5.305863 ) 
4 160 222 (0 1770.526245 7.347087 ) (0 1770.526245 120 ) (0 1784 120 ) (0 1784 7.347294 ) 
4 160 221 (0 1784 120 ) (0 1785.197388 120 ) (0 1785.197388 7.347313 ) (0 1784 7.347294 ) 
4 161 220 (0 1744 2.461540 ) (0 1744 120 ) (0 1754.526245 120 ) (0 1754.526245 2.461540 ) 
4 161 163 (40 1744 0.923085 ) (40 1744 120 ) (0 1744 120 ) (0 1744 2.461540 ) 
4 162 247 (0 1024 120 ) (0 1024 144 ) (0 1744 144 ) (0 1744 120 ) 
4 162 177 (192 1024 144 ) (0 1024 144 ) (0 1024 120 ) (192 1024 120 ) 
3 162 164 (65.399506 1744 120 ) (192 1744 120 ) (192 1664.250000 120 ) 
5 162 163 (0 1744 120 ) (40 1744 120 ) (192 1648.250000 120 ) (192 1024 120 ) (0 1024 120 ) 
4 163 247 (0 1024 2.461540 ) (0 1024 120 ) (0 1744 120 ) (0 1744 2.461540 ) 
5 163 177 (0 1024 120 ) (0 1024 2.461540 ) (64 1024 0 ) (192 1024 0 ) (192 1024 120 ) 
4 165 172 (1024 1744 -300 ) (1024 1744 -32 ) (576 1744 -32 ) (576 1744 -300 ) 
4 165 170 (1024 1744 -32 ) (1024 1744 0 ) (576 1744 0 ) (576 1744 -32 ) 
4 165 167 (576 1744 -54.040817 ) (576 1744 -32 ) (576 2048 -32 ) (576 2048 -54.040810 ) 
4 165 166 (576 2048 -300 ) (576 1744 -300 ) (576 1744 -54.040817 ) (576 2048 -54.040810 ) 
4 166 223 (0 1792 -32 ) (0 1771.429443 -32 ) (0 1771.429443 -24.653076 ) (0 1792 -24.653074 ) 
4 166 219 (0 1800 -32 ) (0 1792 -32 ) (0 1792 -24.653074 ) (0 1800 -24.653074 ) 
4 166 216 (0 2048 -24.653061 ) (0 2048 -32 ) (0 1800 -32 ) (0 1800 -24.653074 ) 
4 166 236 (0 2048 -32 ) (0 2048 -300 ) (0 1771.429443 -300 ) (0 1771.429443 -32 ) 
5 166 172 (64 1744 -300 ) (576 1744 -300 ) (576 1744 -54.040817 ) (144 1744 -32 ) (64 1744 -32 ) 
3 166 171 (144 1744 -32 ) (64 1744 -27.918362 ) (64 1744 -32 ) 
4 166 168 (28.793587 1759.089600 -26.122129 ) (0 1771.430054 -24.653061 ) (0 1771.430054 -32 ) (28.793608 1759.089600 -32 ) 
4 166 169 (0 1771.431152 -300 ) (64.003906 1744 -300 ) (64.001450 1744 -32 ) (0 1771.430054 -32 ) 
4 166 167 (144 1744 -32 ) (576 1744 -54.040855 ) (576 2048 -54.040855 ) (144 2048 -32 ) 
3 167 172 (576 1744 -54.040817 ) (576 1744 -32 ) (144 1744 -32 ) 
4 168 225 (0 1770.526245 -32 ) (0 1765.820068 -32 ) (0 1765.820068 -24.652626 ) (0 1770.526245 -24.652678 ) 
4 168 223 (0 1771.429443 -24.652687 ) (0 1771.429443 -32 ) (0 1770.526245 -32 ) (0 1770.526245 -24.652678 ) 
3 168 169 (0 1771.429688 -32 ) (28.791313 1759.090088 -32 ) (0 1765.820068 -32 ) 
4 169 236 (0 1771.429443 -300 ) (0 1744 -300 ) (0 1744 -32 ) (0 1771.429443 -32 ) 
4 169 172 (0 1744 -32 ) (0 1744 -300 ) (64 1744 -300 ) (64 1744 -32 ) 
4 170 185 (1024 1024 -32 ) (1024 1024 0 ) (576 1024 0 ) (576 1024 -32 ) 
4 170 172 (1024 1024 -32 ) (576 1024 -32 ) (576 1744 -32 ) (1024 1744 -32 ) 
4 171 172 (64 1736 -32 ) (64 1744 -32 ) (144 1744 -32 ) (144 1688 -32 ) 
4 172 253 (0 1024 -300 ) (0 1024 -32 ) (0 1744 -32 ) (0 1744 -300 ) 
4 172 188 (1024 1024 -300 ) (1024 1024 -32 ) (0 1024 -32 ) (0 1024 -300 ) 
4 173 188 (1024 1024 -32 ) (1024 1024 -300 ) (1024 0 -300 ) (1024 0 -32 ) 
4 173 185 (1024 1024 0 ) (1024 1024 -32 ) (1024 104 -32 ) (1024 104 0 ) 
4 173 186 (1024 104 -32 ) (1024 0 -32 ) (1024 0 0 ) (1024 104 0 ) 
4 173 178 (1024 944 0 ) (1024 0 0 ) (1024 0 144 ) (1024 944 144 ) 
4 173 175 (1024 1024 144 ) (1024 1024 0 ) (1024 944 0 ) (1024 944 144 ) 
4 173 174 (1024 1024 640 ) (1024 1024 144 ) (1024 0 144 ) (1024 0 640 ) 
4 174 397 (0 104 192 ) (0 368 192 ) (0 368 144 ) (0 104 144 ) 
4 174 398 (0 0 144 ) (0 0 192 ) (0 104 192 ) (0 104 144 ) 
4 174 396 (0 368 192 ) (0 384 192 ) (0 384 144 ) (0 368 144 ) 
4 174 394 (0 928 192 ) (0 944 192 ) (0 944 144 ) (0 928 144 ) 
4 174 395 (0 384 192 ) (0 928 192 ) (0 928 144 ) (0 384 144 ) 
4 174 393 (0 944 192 ) (0 1024 192 ) (0 1024 144 ) (0 944 144 ) 
4 174 392 (0 0 192 ) (0 0 640 ) (0 1024 640 ) (0 1024 192 ) 
4 174 183 (0 104 144 ) (0 368 144 ) (64 368 144 ) (64 104 144 ) 
4 174 184 (64 0 144 ) (0 0 144 ) (0 104 144 ) (64 104 144 ) 
4 174 181 (64 880 144 ) (64 792 144 ) (48 792 144 ) (48 880 144 ) 
4 174 182 (0 384 144 ) (0 928 144 ) (48 928 144 ) (48 384 144 ) 
4 174 179 (416 0 144 ) (192 0 144 ) (192 928 144 ) (416 928 144 ) 
4 174 178 (1024 0 144 ) (416 0 144 ) (416 944 144 ) (1024 944 144 ) 
4 174 180 (192 0 144 ) (64 0 144 ) (64 944 144 ) (192 944 144 ) 
4 174 177 (0 944 144 ) (0 1024 144 ) (192 1024 144 ) (192 944 144 ) 
4 174 176 (208 1024 144 ) (400 1024 144 ) (400 944 144 ) (208 944 144 ) 
4 174 175 (416 1024 144 ) (1024 1024 144 ) (1024 944 144 ) (416 944 144 ) 
4 175 185 (1024 1024 0 ) (1024 944 0 ) (576 944 0 ) (576 1024 0 ) 
4 175 178 (416 944 0 ) (1024 944 0 ) (1024 944 144 ) (416 944 144 ) 
4 177 393 (0 944 144 ) (0 1024 144 ) (0 1024 2.461533 ) (0 944 2.461539 ) 
4 177 180 (64 944 0 ) (192 944 0 ) (192 944 144 ) (64 944 144 ) 
4 178 185 (1024 944 0 ) (1024 104 0 ) (576 104 0 ) (576 944 0 ) 
4 178 186 (1024 104 0 ) (1024 0 0 ) (416 0 0 ) (416 104 0 ) 
4 178 179 (416 928 0 ) (416 0 0 ) (416 0 144 ) (416 928 144 ) 
4 179 186 (416 0 0 ) (192 0 0 ) (192 104 0 ) (416 104 0 ) 
4 179 180 (192 928 0 ) (192 0 0 ) (192 0 144 ) (192 928 144 ) 
4 180 186 (192 0 0 ) (64 0 0 ) (64 104 0 ) (192 104 0 ) 
4 180 183 (64 368 0 ) (64 104 0 ) (64 104 144 ) (64 368 144 ) 
4 180 184 (64 104 0 ) (64 0 0 ) (64 0 144 ) (64 104 144 ) 
4 180 181 (64 880 0 ) (64 792 0 ) (64 792 144 ) (64 880 144 ) 
4 181 182 (48 880 0 ) (48 792 0 ) (48 792 144 ) (48 880 144 ) 
4 182 395 (0 384 144 ) (0 928 144 ) (0 928 0 ) (0 384 0 ) 
4 183 397 (0 104 144 ) (0 368 144 ) (0 368 4.007797 ) (0 104 4.007805 ) 
4 183 184 (64 104 0.007805 ) (64 104 144 ) (0 104 144 ) (0 104 4.007797 ) 
4 184 398 (0 0 0 ) (0 0 144 ) (0 104 144 ) (0 104 0 ) 
4 184 187 (64 0 0 ) (0 0 0 ) (0 104 0 ) (64 104 0 ) 
4 185 188 (576 1024 -32 ) (1024 1024 -32 ) (1024 104 -32 ) (576 104 -32 ) 
4 185 186 (576 104 -32 ) (1024 104 -32 ) (1024 104 0 ) (576 104 0 ) 
4 186 188 (1024 0 -32 ) (64 0 -32 ) (64 104 -32 ) (1024 104 -32 ) 
4 186 187 (64 104 -32 ) (64 0 -32 ) (64 0 0 ) (64 104 0 ) 
4 187 398 (0 0 -32 ) (0 0 0 ) (0 104 0 ) (0 104 -32 ) 
4 187 188 (64 0 -32 ) (0 0 -32 ) (0 104 -32 ) (64 104 -32 ) 
4 188 399 (0 0 -300 ) (0 0 -32 ) (0 1024 -32 ) (0 1024 -300 ) 
4 189 303 (-1024 2048 640 ) (-1024 2048 336 ) (-1024 1760 336 ) (-1024 1760 640 ) 
4 189 205 (-1024 1760 640 ) (-1024 1760 336 ) (0 1760 336 ) (0 1760 640 ) 
4 189 200 (-848 1760 336 ) (-1024 1760 336 ) (-1024 1840 336 ) (-848 1840 336 ) 
4 189 198 (-944 2048 336 ) (-936 2048 336 ) (-936 1840 336 ) (-944 1840 336 ) 
4 189 199 (-1024 1840 336 ) (-1024 2048 336 ) (-944 2048 336 ) (-944 1840 336 ) 
4 189 197 (-848 1848 336 ) (-848 1840 336 ) (-936 1840 336 ) (-936 1848 336 ) 
4 189 196 (-936 2048 336 ) (-848 2048 336 ) (-848 1848 336 ) (-936 1848 336 ) 
4 189 194 (-840 1976 336 ) (-840 2048 336 ) (-688 2048 336 ) (-688 1976 336 ) 
4 189 195 (-688 1760 336 ) (-840 1760 336 ) (-840 1968 336 ) (-688 1968 336 ) 
4 189 191 (-688 1976 336 ) (-688 2048 336 ) (-640 2048 336 ) (-640 1976 336 ) 
4 189 193 (-640 1760 336 ) (-688 1760 336 ) (-688 1968 336 ) (-640 1968 336 ) 
4 189 190 (0 1760 336 ) (-624 1760 336 ) (-624 2048 336 ) (0 2048 336 ) 
4 190 206 (-624 1760 208 ) (0 1760 208 ) (0 1760 336 ) (-624 1760 336 ) 
4 190 203 (0 1760 208 ) (-624 1760 208 ) (-624 2048 208 ) (0 2048 208 ) 
4 191 194 (-688 2048 208 ) (-688 1976 208 ) (-688 1976 336 ) (-688 2048 336 ) 
4 191 192 (-688 1976 264 ) (-688 1976 208 ) (-640 1976 208 ) (-640 1976 264 ) 
4 192 193 (-688 1968 264 ) (-688 1968 208 ) (-640 1968 208 ) (-640 1968 264 ) 
4 193 195 (-688 1968 208 ) (-688 1760 208 ) (-688 1760 336 ) (-688 1968 336 ) 
4 195 207 (-696 1760 248 ) (-696 1760 320 ) (-792 1760 320 ) (-792 1760 248 ) 
4 195 201 (-840 1832 208 ) (-840 1768 208 ) (-840 1768 320 ) (-840 1832 320 ) 
4 196 204 (-936 2048 208 ) (-848 2048 208 ) (-848 1848 208 ) (-936 1848 208 ) 
4 196 198 (-936 1848 216 ) (-936 1848 336 ) (-936 2048 336 ) (-936 2048 216 ) 
4 196 197 (-936 1848 336 ) (-936 1848 216 ) (-848 1848 216 ) (-848 1848 336 ) 
4 197 202 (-848 1840 216 ) (-848 1840 320 ) (-936 1840 320 ) (-936 1840 216 ) 
4 197 200 (-848 1840 320 ) (-848 1840 336 ) (-936 1840 336 ) (-936 1840 320 ) 
4 197 198 (-936 1840 216 ) (-936 1840 336 ) (-936 1848 336 ) (-936 1848 216 ) 
4 198 202 (-936 1840 216 ) (-936 1840 320 ) (-944 1840 320 ) (-944 1840 216 ) 
4 198 200 (-936 1840 320 ) (-936 1840 336 ) (-944 1840 336 ) (-944 1840 320 ) 
4 198 199 (-944 1840 216 ) (-944 1840 336 ) (-944 2048 336 ) (-944 2048 216 ) 
4 199 306 (-1024 2024 208 ) (-1024 1848 208 ) (-1024 1848 336 ) (-1024 2024 336 ) 
4 199 304 (-1024 2048 336 ) (-1024 2048 208 ) (-1024 2024 208 ) (-1024 2024 336 ) 
4 199 310 (-1024 1848 208 ) (-1024 1840 208 ) (-1024 1840 336 ) (-1024 1848 336 ) 
4 199 202 (-1024 1840 208 ) (-944 1840 208 ) (-944 1840 320 ) (-1024 1840 320 ) 
4 199 200 (-944 1840 320 ) (-944 1840 336 ) (-1024 1840 336 ) (-1024 1840 320 ) 
4 200 310 (-1024 1760 320 ) (-1024 1760 336 ) (-1024 1840 336 ) (-1024 1840 320 ) 
4 200 202 (-1024 1840 320 ) (-848 1840 320 ) (-848 1760 320 ) (-1024 1760 320 ) 
4 201 202 (-848 1768 320 ) (-848 1832 320 ) (-848 1832 208 ) (-848 1768 208 ) 
4 202 310 (-1024 1840 208 ) (-1024 1760 208 ) (-1024 1760 320 ) (-1024 1840 320 ) 
4 202 208 (-848 1760 248 ) (-848 1760 320 ) (-936 1760 320 ) (-936 1760 248 ) 
4 203 213 (-624 2048 200 ) (0 2048 200 ) (0 1760 200 ) (-624 1760 200 ) 
4 203 206 (-624 1760 200 ) (0 1760 200 ) (0 1760 208 ) (-624 1760 208 ) 
4 204 268 (-848 1936 200 ) (-848 1920 200 ) (-936 1920 200 ) (-936 1936 200 ) 
4 204 269 (-848 1920 200 ) (-848 1848 200 ) (-936 1848 200 ) (-936 1920 200 ) 
4 204 266 (-848 1952 200 ) (-848 1936 200 ) (-936 1936 200 ) (-936 1952 200 ) 
4 204 264 (-848 1968 200 ) (-848 1952 200 ) (-936 1952 200 ) (-936 1968 200 ) 
4 204 262 (-848 1984 200 ) (-848 1968 200 ) (-936 1968 200 ) (-936 1984 200 ) 
4 204 260 (-848 2000 200 ) (-848 1984 200 ) (-936 1984 200 ) (-936 2000 200 ) 
4 204 258 (-848 2016 200 ) (-848 2000 200 ) (-936 2000 200 ) (-936 2016 200 ) 
4 204 256 (-848 2032 200 ) (-848 2016 200 ) (-936 2016 200 ) (-936 2032 200 ) 
4 204 254 (-936 2048 200 ) (-848 2048 200 ) (-848 2032 200 ) (-936 2032 200 ) 
4 205 320 (-1024 1744 336 ) (-1024 1744 640 ) (-1024 1760 640 ) (-1024 1760 336 ) 
4 205 210 (-832 1744 640 ) (-952 1744 640 ) (-952 1744 336 ) (-832 1744 336 ) 
4 205 209 (0 1744 336 ) (0 1744 640 ) (-832 1744 640 ) (-832 1744 336 ) 
4 205 212 (-952 1744 640 ) (-1024 1744 640 ) (-1024 1744 336 ) (-952 1744 336 ) 
4 205 206 (0 1744 336 ) (-624 1744 336 ) (-624 1760 336 ) (0 1760 336 ) 
4 206 213 (-624 1760 200 ) (0 1760 200 ) (0 1744 200 ) (-624 1744 200 ) 
4 206 209 (-624 1744 200 ) (0 1744 200 ) (0 1744 336 ) (-624 1744 336 ) 
4 207 209 (-696 1744 248 ) (-696 1744 320 ) (-792 1744 320 ) (-792 1744 248 ) 
4 208 210 (-848 1744 248 ) (-848 1744 320 ) (-936 1744 320 ) (-936 1744 248 ) 
4 209 392 (0 1024 200 ) (0 1024 640 ) (-832 1024 640 ) (-832 1024 200 ) 
4 209 249 (-480 1024 200 ) (-832 1024 200 ) (-832 1744 200 ) (-480 1744 200 ) 
4 209 248 (-352 1024 200 ) (-480 1024 200 ) (-480 1744 200 ) (-352 1744 200 ) 
4 209 247 (0 1024 200 ) (-352 1024 200 ) (-352 1744 200 ) (0 1744 200 ) 
4 209 210 (-832 1640 640 ) (-832 1744 640 ) (-832 1744 216 ) (-832 1640 216 ) 
4 209 211 (-832 1024 640 ) (-832 1640 640 ) (-832 1640 200 ) (-832 1024 200 ) 
4 210 211 (-952 1640 640 ) (-952 1640 216 ) (-832 1640 216 ) (-832 1640 640 ) 
4 210 212 (-952 1640 640 ) (-952 1744 640 ) (-952 1744 216 ) (-952 1640 216 ) 
4 211 392 (-832 1024 640 ) (-952 1024 640 ) (-952 1024 200 ) (-832 1024 200 ) 
4 211 298 (-936 1024 200 ) (-952 1024 200 ) (-952 1640 200 ) (-936 1640 200 ) 
4 211 290 (-928 1024 200 ) (-936 1024 200 ) (-936 1640 200 ) (-928 1640 200 ) 
4 211 289 (-920 1024 200 ) (-928 1024 200 ) (-928 1640 200 ) (-920 1640 200 ) 
4 211 287 (-864 1024 200 ) (-920 1024 200 ) (-920 1640 200 ) (-864 1640 200 ) 
4 211 286 (-848 1024 200 ) (-864 1024 200 ) (-864 1640 200 ) (-848 1640 200 ) 
4 211 251 (-832 1024 200 ) (-848 1024 200 ) (-848 1640 200 ) (-832 1640 200 ) 
4 211 212 (-952 1024 640 ) (-952 1640 640 ) (-952 1640 200 ) (-952 1024 200 ) 
4 212 392 (-952 1024 640 ) (-1024 1024 640 ) (-1024 1024 200 ) (-952 1024 200 ) 
4 212 340 (-1024 1344 200 ) (-1024 1024 200 ) (-1024 1024 216 ) (-1024 1344 216 ) 
4 212 337 (-1024 1744 200 ) (-1024 1344 200 ) (-1024 1344 216 ) (-1024 1744 216 ) 
4 212 336 (-1024 1024 216 ) (-1024 1024 640 ) (-1024 1744 640 ) (-1024 1744 216 ) 
4 212 300 (-952 1024 200 ) (-1024 1024 200 ) (-1024 1744 200 ) (-952 1744 200 ) 
4 213 249 (-480 1744 200 ) (-624 1744 200 ) (-624 1744 144 ) (-480 1744 144 ) 
4 213 248 (-352 1744 200 ) (-480 1744 200 ) (-480 1744 144 ) (-352 1744 144 ) 
4 213 247 (0 1744 144 ) (0 1744 200 ) (-352 1744 200 ) (-352 1744 144 ) 
4 213 231 (-624 1880 144 ) (-624 2048 144 ) (-608 2048 144 ) (-608 1880 144 ) 
4 213 229 (-608 2048 144 ) (-304 2048 144 ) (-304 1760 144 ) (-608 1760 144 ) 
4 213 227 (-304 1800 144 ) (-304 1888 144 ) (-288 1888 144 ) (-288 1800 144 ) 
4 213 226 (-304 1888 144 ) (-304 2048 144 ) (-288 2048 144 ) (-288 1888 144 ) 
4 213 214 (0 1744 144 ) (-288 1744 144 ) (-288 2048 144 ) (0 2048 144 ) 
4 214 247 (0 1744 120 ) (0 1744 144 ) (-288 1744 144 ) (-288 1744 120 ) 
4 214 227 (-288 1800 144 ) (-288 1888 144 ) (-288 1888 120 ) (-288 1800 120 ) 
4 214 226 (-288 1888 144 ) (-288 2048 144 ) (-288 2048 120 ) (-288 1888 120 ) 
3 214 222 (0 1784 120 ) (0 1770.526245 120 ) (-51.200352 1784 120 ) 
4 214 221 (-81.600281 1792 120 ) (0 1792 120 ) (0 1784 120 ) (-51.200352 1784 120 ) 
5 214 220 (0 1744 120 ) (-288 1744 120 ) (-288 1784 120 ) (-112 1784 120 ) (0 1754.526245 120 ) 
4 214 217 (-112 1800 120 ) (0 1800 120 ) (0 1792 120 ) (-81.600281 1792 120 ) 
4 214 215 (-288 1800 120 ) (-288 2048 120 ) (0 2048 120 ) (0 1800 120 ) 
3 215 228 (-288 1818.580688 72.774078 ) (-288 1864 48 ) (-288 1832 56 ) 
5 215 227 (-288 1800 96 ) (-288 1800 120 ) (-288 1888 120 ) (-288 1888 34.909019 ) (-288 1818.580688 72.774109 ) 
4 215 226 (-288 1888 120 ) (-288 2048 120 ) (-288 2048 22.040810 ) (-288 1888 22.040815 ) 
4 215 217 (0 1800 120 ) (-112 1800 120 ) (-112 1800 13.061232 ) (0 1800 7.346939 ) 
4 216 233 (-288 2048 -32 ) (-288 1800 -32 ) (-288 1800 -9.959183 ) (-288 2048 -9.959185 ) 
3 216 218 (-112 1800 -24 ) (-12.799995 1800 -24 ) (-112 1800 -18.938774 ) 
5 216 219 (-288 1800 -24 ) (-288 1800 -32 ) (0 1800 -32 ) (0 1800 -24.653061 ) (-12.799995 1800 -24 ) 
4 216 236 (-288 1800 -32 ) (-288 2048 -32 ) (0 2048 -32 ) (0 1800 -32 ) 
4 217 221 (0 1792 120 ) (-81.600281 1792 120 ) (-81.600281 1792 11.510217 ) (0 1792 7.346939 ) 
3 218 223 (-81.600113 1792 -24 ) (-12.799995 1792 -24 ) (-81.600121 1792 -20.489790 ) 
4 218 219 (-112 1800 -24 ) (-12.802681 1800 -24 ) (-12.802681 1792 -24 ) (-81.600334 1792 -24 ) 
4 219 233 (-288 1800 -32 ) (-288 1792 -32 ) (-288 1792 -24 ) (-288 1800 -24 ) 
4 219 224 (-112 1792 -32 ) (-81.600281 1792 -32 ) (-81.600128 1792 -24 ) (-112 1792 -24 ) 
5 219 223 (-81.600281 1792 -32 ) (0 1792 -32 ) (0 1792 -24.653061 ) (-12.799995 1792 -24 ) (-81.600128 1792 -24 ) 
4 219 236 (-288 1792 -32 ) (-288 1800 -32 ) (0 1800 -32 ) (0 1792 -32 ) 
4 220 247 (0 1744 2.461538 ) (0 1744 120 ) (-288 1744 120 ) (-288 1744 13.538467 ) 
4 221 222 (-51.200321 1784 9.961849 ) (0 1784 7.349679 ) (0 1784 120 ) (-51.200317 1784 120 ) 
5 223 225 (-51.197598 1784 -32 ) (0 1770.526978 -32 ) (0 1770.526978 -24.652678 ) (-12.792016 1773.893311 -24 ) (-51.197598 1784 -24 ) 
4 223 224 (-81.597664 1792 -24 ) (-81.597664 1792 -32 ) (-51.197598 1784 -32 ) (-51.197598 1784 -24 ) 
3 223 236 (-81.600281 1792 -32 ) (0 1792 -32 ) (0 1770.526245 -32 ) 
4 224 225 (-51.195316 1784 -32 ) (-51.195316 1784 -24 ) (-77.775085 1784 -24 ) (-77.775085 1784 -32 ) 
4 224 236 (-112 1792 -32 ) (-81.600281 1792 -32 ) (-51.200275 1784 -32 ) (-77.775276 1784 -32 ) 
4 225 236 (-51.200275 1784 -32 ) (0 1770.526245 -32 ) (0 1765.820068 -32 ) (-77.775284 1784 -32 ) 
4 226 229 (-304 1888 144 ) (-304 2048 144 ) (-304 2048 22.857140 ) (-304 1888 22.857141 ) 
4 226 227 (-304 1888 144 ) (-304 1888 34.909042 ) (-288 1888 34.909012 ) (-288 1888 144 ) 
5 227 229 (-304 1800 96 ) (-304 1800 144 ) (-304 1888 144 ) (-304 1888 34.909050 ) (-304 1818.580688 72.774109 ) 
4 227 228 (-304 1818.578979 72.776154 ) (-304 1864.003662 48 ) (-288 1864.003662 48 ) (-288 1818.578979 72.776154 ) 
3 228 229 (-304 1818.580688 72.774117 ) (-304 1864 48 ) (-304 1832 56 ) 
4 229 231 (-608 1880 144 ) (-608 2048 144 ) (-608 2048 38.367355 ) (-608 1880 38.367352 ) 
4 230 234 (-608 2048 0 ) (-483.199982 2048 0 ) (-483.199982 1760 0 ) (-608 1760 0 ) 
4 230 232 (-608 2048 0 ) (-608 1880 0 ) (-608 1880 6.367348 ) (-608 2048 6.367348 ) 
4 232 234 (-624 1880 0 ) (-624 2048 0 ) (-608 2048 0 ) (-608 1880 0 ) 
4 233 234 (-296 2048 -32 ) (-296 1792 -32 ) (-296 1792 -9.551020 ) (-296 2048 -9.551021 ) 
4 233 236 (-296 1792 -32 ) (-296 2048 -32 ) (-288 2048 -32 ) (-288 1792 -32 ) 
4 234 252 (-624 1744 -16 ) (-624 1744 -32 ) (-352 1744 -32 ) (-352 1744 -16 ) 
4 234 243 (-624 1744 -32 ) (-624 1744 -16 ) (-624 1760 -16 ) (-624 1760 -32 ) 
4 234 237 (-624 2048 -16 ) (-624 2048 -32 ) (-624 1760 -32 ) (-624 1760 -16 ) 
4 234 235 (-483.199127 1752 0 ) (-483.199127 1744 0 ) (-296 1744 -9.550900 ) (-296 1752 -9.550900 ) 
4 234 236 (-296 1744 -32 ) (-624 1744 -32 ) (-624 2048 -32 ) (-296 2048 -32 ) 
4 236 253 (0 1744 -300 ) (0 1744 -32 ) (-624 1744 -32 ) (-624 1744 -300 ) 
4 236 243 (-624 1744 -300 ) (-624 1744 -32 ) (-624 1760 -32 ) (-624 1760 -300 ) 
4 236 237 (-624 1760 -32 ) (-624 2048 -32 ) (-624 2048 -300 ) (-624 1760 -300 ) 
4 237 243 (-624 1760 -300 ) (-624 1760 -16 ) (-640 1760 -16 ) (-640 1760 -300 ) 
4 237 242 (-640 1760 -300 ) (-640 1760 -16 ) (-640 2048 -16 ) (-640 2048 -300 ) 
4 238 244 (-792 1760 184 ) (-792 1760 112 ) (-696 1760 112 ) (-696 1760 184 ) 
4 238 240 (-840 1768 184 ) (-840 1832 184 ) (-840 1832 72 ) (-840 1768 72 ) 
4 239 242 (-640 2048 -16 ) (-640 1760 -16 ) (-840 1760 -16 ) (-840 2048 -16 ) 
4 239 241 (-840 1832 -16 ) (-840 1760 -16 ) (-840 1760 56 ) (-840 1832 56 ) 
4 240 279 (-848 1832 72 ) (-848 1768 72 ) (-848 1768 88 ) (-848 1832 88 ) 
4 240 275 (-848 1768 88 ) (-848 1768 112 ) (-848 1832 112 ) (-848 1832 88 ) 
4 240 269 (-848 1768 112 ) (-848 1768 184 ) (-848 1832 184 ) (-848 1832 112 ) 
4 241 280 (-848 1832 -16 ) (-848 1760 -16 ) (-848 1760 56 ) (-848 1832 56 ) 
4 241 242 (-840 1760 -16 ) (-848 1760 -16 ) (-848 1832 -16 ) (-840 1832 -16 ) 
4 242 280 (-848 2048 -16 ) (-848 2048 -300 ) (-848 1760 -300 ) (-848 1760 -16 ) 
4 242 246 (-848 1760 -16 ) (-848 1760 -300 ) (-792 1760 -300 ) (-792 1760 -16 ) 
4 242 245 (-792 1760 -300 ) (-696 1760 -300 ) (-696 1760 -16 ) (-792 1760 -16 ) 
4 242 243 (-696 1760 -300 ) (-640 1760 -300 ) (-640 1760 -16 ) (-696 1760 -16 ) 
4 243 253 (-624 1744 -300 ) (-624 1744 -32 ) (-696 1744 -32 ) (-696 1744 -300 ) 
4 243 252 (-624 1744 -32 ) (-624 1744 -16 ) (-696 1744 -16 ) (-696 1744 -32 ) 
4 243 245 (-696 1760 -16 ) (-696 1760 -300 ) (-696 1744 -300 ) (-696 1744 -16 ) 
4 244 249 (-696 1744 112 ) (-696 1744 184 ) (-792 1744 184 ) (-792 1744 112 ) 
4 245 253 (-696 1744 -300 ) (-696 1744 -32 ) (-792 1744 -32 ) (-792 1744 -300 ) 
4 245 252 (-696 1744 -32 ) (-696 1744 -16 ) (-792 1744 -16 ) (-792 1744 -32 ) 
4 245 246 (-792 1760 -16 ) (-792 1760 -300 ) (-792 1744 -300 ) (-792 1744 -16 ) 
4 246 292 (-848 1760 -16 ) (-848 1760 -300 ) (-848 1744 -300 ) (-848 1744 -16 ) 
4 246 253 (-848 1744 -32 ) (-848 1744 -300 ) (-792 1744 -300 ) (-792 1744 -32 ) 
4 246 252 (-848 1744 -16 ) (-848 1744 -32 ) (-792 1744 -32 ) (-792 1744 -16 ) 
3 247 414 (-352 1024 16 ) (-192 1024 9.846153 ) (-192 1024 16 ) 
4 247 400 (-192 1024 192 ) (-352 1024 192 ) (-352 1024 16 ) (-192 1024 16 ) 
4 247 393 (0 1024 2.461536 ) (0 1024 192 ) (-192 1024 192 ) (-192 1024 9.846153 ) 
4 247 392 (0 1024 192 ) (0 1024 200 ) (-352 1024 200 ) (-352 1024 192 ) 
4 247 248 (-352 1744 200 ) (-352 1744 16 ) (-352 1024 16 ) (-352 1024 200 ) 
4 248 403 (-480 1024 192 ) (-480 1024 16 ) (-352 1024 16 ) (-352 1024 192 ) 
4 248 392 (-352 1024 200 ) (-480 1024 200 ) (-480 1024 192 ) (-352 1024 192 ) 
4 248 249 (-480 1744 200 ) (-480 1744 16 ) (-480 1024 16 ) (-480 1024 200 ) 
4 249 392 (-480 1024 200 ) (-832 1024 200 ) (-832 1024 192 ) (-480 1024 192 ) 
4 249 251 (-832 1640 53.714279 ) (-832 1024 53.714287 ) (-832 1024 200 ) (-832 1640 200 ) 
4 249 250 (-832 1672 112 ) (-832 1672 184 ) (-832 1728 184 ) (-832 1728 112 ) 
4 250 281 (-848 1728 184 ) (-848 1728 112 ) (-848 1672 112 ) (-848 1672 184 ) 
4 251 392 (-832 1024 200 ) (-848 1024 200 ) (-848 1024 192 ) (-832 1024 192 ) 
4 251 286 (-848 1024 200 ) (-848 1640 200 ) (-848 1640 55.428574 ) (-848 1024 55.428566 ) 
4 252 420 (-352 1024 -16 ) (-848 1024 -16 ) (-848 1024 -32 ) (-352 1024 -32 ) 
4 252 292 (-848 1744 -16 ) (-848 1744 -32 ) (-848 1024 -32 ) (-848 1024 -16 ) 
4 252 253 (-352 1024 -32 ) (-848 1024 -32 ) (-848 1744 -32 ) (-352 1744 -32 ) 
4 253 421 (-192 1024 -32 ) (-848 1024 -32 ) (-848 1024 -300 ) (-192 1024 -300 ) 
4 253 399 (0 1024 -300 ) (0 1024 -32 ) (-192 1024 -32 ) (-192 1024 -300 ) 
4 253 292 (-848 1744 -32 ) (-848 1744 -300 ) (-848 1024 -300 ) (-848 1024 -32 ) 
4 254 256 (-936 2032 200 ) (-936 2032 176 ) (-848 2032 176 ) (-848 2032 200 ) 
4 255 270 (-936 2032 112 ) (-936 2048 112 ) (-848 2048 112 ) (-848 2032 112 ) 
4 255 257 (-936 2032 160 ) (-936 2032 112 ) (-848 2032 112 ) (-848 2032 160 ) 
4 256 258 (-936 2016 200 ) (-936 2016 168 ) (-848 2016 168 ) (-848 2016 200 ) 
4 257 270 (-936 2016 112 ) (-936 2032 112 ) (-848 2032 112 ) (-848 2016 112 ) 
4 257 259 (-936 2016 152 ) (-936 2016 112 ) (-848 2016 112 ) (-848 2016 152 ) 
4 258 260 (-936 2000 200 ) (-936 2000 160 ) (-848 2000 160 ) (-848 2000 200 ) 
4 259 270 (-936 2000 112 ) (-936 2016 112 ) (-848 2016 112 ) (-848 2000 112 ) 
4 259 261 (-936 2000 144 ) (-936 2000 112 ) (-848 2000 112 ) (-848 2000 144 ) 
4 260 262 (-936 1984 200 ) (-936 1984 152 ) (-848 1984 152 ) (-848 1984 200 ) 
4 261 270 (-936 1984 112 ) (-936 2000 112 ) (-848 2000 112 ) (-848 1984 112 ) 
4 261 263 (-936 1984 136 ) (-936 1984 112 ) (-848 1984 112 ) (-848 1984 136 ) 
4 262 264 (-936 1968 200 ) (-936 1968 144 ) (-848 1968 144 ) (-848 1968 200 ) 
4 263 270 (-936 1968 112 ) (-936 1984 112 ) (-848 1984 112 ) (-848 1968 112 ) 
4 263 265 (-936 1968 128 ) (-936 1968 112 ) (-848 1968 112 ) (-848 1968 128 ) 
4 264 266 (-936 1952 200 ) (-936 1952 136 ) (-848 1952 136 ) (-848 1952 200 ) 
4 265 270 (-936 1952 112 ) (-936 1968 112 ) (-848 1968 112 ) (-848 1952 112 ) 
4 265 267 (-936 1952 120 ) (-936 1952 112 ) (-848 1952 112 ) (-848 1952 120 ) 
4 266 268 (-936 1936 200 ) (-936 1936 128 ) (-848 1936 128 ) (-848 1936 200 ) 
4 267 270 (-936 1936 112 ) (-936 1952 112 ) (-848 1952 112 ) (-848 1936 112 ) 
4 268 269 (-936 1920 200 ) (-936 1920 120 ) (-848 1920 120 ) (-848 1920 200 ) 
4 269 293 (-936 1768 184 ) (-936 1831.750000 184 ) (-936 1831.750000 112 ) (-936 1768 112 ) 
4 269 281 (-936 1760 200 ) (-936 1760 112 ) (-848 1760 112 ) (-848 1760 200 ) 
4 269 274 (-936 1872 112 ) (-936 1888 112 ) (-848 1888 112 ) (-848 1872 112 ) 
4 269 275 (-848 1760 112 ) (-936 1760 112 ) (-936 1872 112 ) (-848 1872 112 ) 
4 269 272 (-936 1888 112 ) (-936 1904 112 ) (-848 1904 112 ) (-848 1888 112 ) 
4 270 276 (-936 1920 88 ) (-936 2048 88 ) (-848 2048 88 ) (-848 1920 88 ) 
4 270 271 (-936 1920 88 ) (-848 1920 88 ) (-848 1920 104 ) (-936 1920 104 ) 
4 271 276 (-936 1904 88 ) (-936 1920 88 ) (-848 1920 88 ) (-848 1904 88 ) 
4 271 273 (-936 1904 88 ) (-848 1904 88 ) (-848 1904 96 ) (-936 1904 96 ) 
4 272 274 (-848 1888 104 ) (-848 1888 112 ) (-936 1888 112 ) (-936 1888 104 ) 
4 273 276 (-936 1888 88 ) (-936 1904 88 ) (-848 1904 88 ) (-848 1888 88 ) 
4 274 275 (-848 1872 96 ) (-848 1872 112 ) (-936 1872 112 ) (-936 1872 96 ) 
4 275 293 (-936 1768 112 ) (-936 1831.750000 112 ) (-936 1831.750000 88 ) (-936 1768 88 ) 
4 275 281 (-936 1760 112 ) (-936 1760 88 ) (-848 1760 88 ) (-848 1760 112 ) 
4 275 278 (-936 1840 88 ) (-936 1856 88 ) (-848 1856 88 ) (-848 1840 88 ) 
4 275 279 (-848 1760 88 ) (-936 1760 88 ) (-936 1840 88 ) (-848 1840 88 ) 
4 276 277 (-936 1872 72 ) (-848 1872 72 ) (-848 1872 80 ) (-936 1872 80 ) 
4 278 279 (-848 1840 80 ) (-848 1840 88 ) (-936 1840 88 ) (-936 1840 80 ) 
4 279 293 (-936 1768 88 ) (-936 1831.750000 88 ) (-936 1831.750000 72 ) (-936 1768 72 ) 
4 279 281 (-936 1760 88 ) (-936 1760 72 ) (-848 1760 72 ) (-848 1760 88 ) 
4 280 302 (-936 1760 -300 ) (-936 1760 -16 ) (-936 2048 -16 ) (-936 2048 -300 ) 
4 280 294 (-936 1760 -16 ) (-936 1760 56 ) (-936 1831.750000 56 ) (-936 1831.750000 -16 ) 
4 280 292 (-936 1760 -16 ) (-936 1760 -300 ) (-848 1760 -300 ) (-848 1760 -16 ) 
4 280 284 (-936 1760 56 ) (-936 1760 32 ) (-928 1760 32 ) (-928 1760 56 ) 
4 280 285 (-936 1760 32 ) (-936 1760 -16 ) (-928 1760 -16 ) (-928 1760 32 ) 
4 280 282 (-928 1760 -16 ) (-848 1760 -16 ) (-848 1760 56 ) (-928 1760 56 ) 
4 281 297 (-936 1728 184 ) (-936 1728 112 ) (-936 1672 112 ) (-936 1672 184 ) 
4 281 288 (-920 1656 72 ) (-864 1656 72 ) (-864 1656 184 ) (-920 1656 184 ) 
4 282 292 (-928 1760 -16 ) (-848 1760 -16 ) (-848 1744 -16 ) (-928 1744 -16 ) 
4 282 284 (-928 1744 32 ) (-928 1744 56 ) (-928 1760 56 ) (-928 1760 32 ) 
4 282 285 (-928 1760 -16 ) (-928 1744 -16 ) (-928 1744 32 ) (-928 1760 32 ) 
3 282 283 (-848 1744 55.428574 ) (-848 1744 56 ) (-853.333374 1744 56 ) 
4 284 285 (-936 1760 32 ) (-928 1760 32 ) (-928 1744 32 ) (-936 1744 32 ) 
4 285 292 (-936 1656 -16 ) (-936 1760 -16 ) (-928 1760 -16 ) (-928 1656 -16 ) 
4 286 392 (-848 1024 192 ) (-848 1024 200 ) (-864 1024 200 ) (-864 1024 192 ) 
4 286 288 (-864 1024 57.142845 ) (-864 1024 184 ) (-864 1640 184 ) (-864 1640 57.142853 ) 
4 286 287 (-864 1024 184 ) (-864 1024 200 ) (-864 1640 200 ) (-864 1640 184 ) 
4 287 392 (-864 1024 200 ) (-920 1024 200 ) (-920 1024 192 ) (-864 1024 192 ) 
4 287 289 (-920 1640 184 ) (-920 1024 184 ) (-920 1024 200 ) (-920 1640 200 ) 
4 287 288 (-920 1024 184 ) (-920 1640 184 ) (-864 1640 184 ) (-864 1024 184 ) 
4 288 289 (-920 1640 63.142853 ) (-920 1024 63.142853 ) (-920 1024 184 ) (-920 1640 184 ) 
4 289 392 (-920 1024 200 ) (-928 1024 200 ) (-928 1024 192 ) (-920 1024 192 ) 
4 289 290 (-928 1024 64 ) (-928 1024 200 ) (-928 1640 200 ) (-928 1640 64 ) 
4 290 392 (-928 1024 200 ) (-936 1024 200 ) (-936 1024 192 ) (-928 1024 192 ) 
4 290 298 (-936 1024 64 ) (-936 1024 200 ) (-936 1640 200 ) (-936 1640 64 ) 
4 291 299 (-936 1024 -16 ) (-936 1024 32 ) (-936 1640 32 ) (-936 1640 -16 ) 
4 291 292 (-936 1024 -16 ) (-936 1640 -16 ) (-928 1640 -16 ) (-928 1024 -16 ) 
4 292 421 (-848 1024 -300 ) (-848 1024 -32 ) (-936 1024 -32 ) (-936 1024 -300 ) 
4 292 420 (-848 1024 -32 ) (-848 1024 -16 ) (-936 1024 -16 ) (-936 1024 -32 ) 
4 292 302 (-936 1024 -300 ) (-936 1024 -16 ) (-936 1760 -16 ) (-936 1760 -300 ) 
4 293 295 (-944 1768 184 ) (-944 1831.750000 184 ) (-944 1831.750000 72 ) (-944 1768 72 ) 
4 294 302 (-936 1831.750000 -16 ) (-936 1760 -16 ) (-944 1760 -16 ) (-944 1831.750000 -16 ) 
4 294 296 (-944 1831.750000 -16 ) (-944 1760 -16 ) (-944 1760 56 ) (-944 1831.750000 56 ) 
4 295 314 (-1024 2048 200 ) (-1024 2048 72 ) (-1024 1760 72 ) (-1024 1760 200 ) 
4 296 315 (-1024 2048 56 ) (-1024 2048 -16 ) (-1024 1760 -16 ) (-1024 1760 56 ) 
4 296 302 (-1024 1760 -16 ) (-1024 2048 -16 ) (-944 2048 -16 ) (-944 1760 -16 ) 
4 297 300 (-952 1672 112 ) (-952 1672 184 ) (-952 1728 184 ) (-952 1728 112 ) 
4 298 392 (-936 1024 192 ) (-936 1024 200 ) (-952 1024 200 ) (-952 1024 192 ) 
4 298 300 (-952 1024 64 ) (-952 1024 200 ) (-952 1640 200 ) (-952 1640 64 ) 
4 299 302 (-936 1640 -16 ) (-936 1024 -16 ) (-952 1024 -16 ) (-952 1640 -16 ) 
4 299 301 (-952 1640 -16 ) (-952 1024 -16 ) (-952 1024 32 ) (-952 1640 32 ) 
4 300 392 (-952 1024 200 ) (-1024 1024 200 ) (-1024 1024 192 ) (-952 1024 192 ) 
4 300 340 (-1024 1024 64 ) (-1024 1024 200 ) (-1024 1344 200 ) (-1024 1344 64 ) 
4 300 337 (-1024 1344 200 ) (-1024 1744 200 ) (-1024 1744 64 ) (-1024 1344 64 ) 
4 301 417 (-1024 1024 16 ) (-1024 1024 -16 ) (-1008 1024 -16 ) (-1008 1024 16 ) 
4 301 354 (-1024 1744 -16 ) (-1024 1024 -16 ) (-1024 1024 32 ) (-1024 1744 32 ) 
4 301 302 (-1024 1024 -16 ) (-1024 1744 -16 ) (-952 1744 -16 ) (-952 1024 -16 ) 
4 302 421 (-936 1024 -300 ) (-936 1024 -32 ) (-1024 1024 -32 ) (-1024 1024 -300 ) 
4 302 420 (-936 1024 -32 ) (-936 1024 -16 ) (-1024 1024 -16 ) (-1024 1024 -32 ) 
4 302 354 (-1024 1744 -300 ) (-1024 1024 -300 ) (-1024 1024 -16 ) (-1024 1744 -16 ) 
4 302 323 (-1024 1760 -300 ) (-1024 1744 -300 ) (-1024 1744 -16 ) (-1024 1760 -16 ) 
4 302 315 (-1024 2048 -16 ) (-1024 2048 -300 ) (-1024 1760 -300 ) (-1024 1760 -16 ) 
4 303 324 (-1984 1760 336 ) (-1120 1760 336 ) (-1120 1760 640 ) (-1984 1760 640 ) 
4 303 320 (-1120 1760 336 ) (-1024 1760 336 ) (-1024 1760 640 ) (-1120 1760 640 ) 
4 303 313 (-1448 1760 336 ) (-1984 1760 336 ) (-1984 2048 336 ) (-1448 2048 336 ) 
4 303 312 (-1184 1760 336 ) (-1432 1760 336 ) (-1432 2048 336 ) (-1184 2048 336 ) 
4 303 307 (-1176 1952 336 ) (-1176 2048 336 ) (-1064 2048 336 ) (-1064 1952 336 ) 
4 303 308 (-1176 1856 336 ) (-1176 1944 336 ) (-1064 1944 336 ) (-1064 1856 336 ) 
4 303 306 (-1024 2024 336 ) (-1024 1848 336 ) (-1056 1848 336 ) (-1056 2024 336 ) 
4 303 304 (-1056 2048 336 ) (-1024 2048 336 ) (-1024 2024 336 ) (-1056 2024 336 ) 
4 303 310 (-1024 1760 336 ) (-1176 1760 336 ) (-1176 1848 336 ) (-1024 1848 336 ) 
4 304 306 (-1056 2024 208 ) (-1024 2024 208 ) (-1024 2024 336 ) (-1056 2024 336 ) 
4 304 305 (-1056 2048 208 ) (-1056 2024 208 ) (-1056 2024 320 ) (-1056 2048 320 ) 
4 305 307 (-1064 2048 208 ) (-1064 2024 208 ) (-1064 2024 320 ) (-1064 2048 320 ) 
4 306 310 (-1056 1848 208 ) (-1024 1848 208 ) (-1024 1848 336 ) (-1056 1848 336 ) 
4 308 309 (-1144 1856 208 ) (-1088 1856 208 ) (-1088 1856 320 ) (-1144 1856 320 ) 
4 309 310 (-1144 1848 208 ) (-1088 1848 208 ) (-1088 1848 320 ) (-1144 1848 320 ) 
4 310 321 (-1024 1760 248 ) (-1024 1760 320 ) (-1120 1760 320 ) (-1120 1760 248 ) 
4 310 311 (-1176 1824 208 ) (-1176 1768 208 ) (-1176 1768 320 ) (-1176 1824 320 ) 
4 311 312 (-1184 1824 208 ) (-1184 1768 208 ) (-1184 1768 320 ) (-1184 1824 320 ) 
4 312 329 (-1336 1760 248 ) (-1336 1760 320 ) (-1408 1760 320 ) (-1408 1760 248 ) 
4 312 326 (-1312 1760 248 ) (-1312 1760 320 ) (-1336 1760 320 ) (-1336 1760 248 ) 
4 313 335 (-1984 1760 208 ) (-1608 1760 208 ) (-1608 1760 336 ) (-1984 1760 336 ) 
4 313 334 (-1608 1760 208 ) (-1448 1760 208 ) (-1448 1760 336 ) (-1608 1760 336 ) 
4 313 319 (-1608 1760 208 ) (-1984 1760 208 ) (-1984 2048 208 ) (-1608 2048 208 ) 
4 313 318 (-1448 1760 208 ) (-1608 1760 208 ) (-1608 2048 208 ) (-1448 2048 208 ) 
4 314 327 (-1336 1760 184 ) (-1336 1760 72 ) (-1280 1760 72 ) (-1280 1760 184 ) 
4 314 322 (-1024 1760 112 ) (-1024 1760 184 ) (-1120 1760 184 ) (-1120 1760 112 ) 
4 315 331 (-1432 1760 -16 ) (-1432 1760 -300 ) (-1408 1760 -300 ) (-1408 1760 -16 ) 
4 315 330 (-1408 1760 -16 ) (-1408 1760 -300 ) (-1336 1760 -300 ) (-1336 1760 -16 ) 
4 315 328 (-1280 1760 56 ) (-1336 1760 56 ) (-1336 1760 -300 ) (-1280 1760 -300 ) 
4 315 325 (-1280 1760 -16 ) (-1280 1760 -300 ) (-1120 1760 -300 ) (-1120 1760 -16 ) 
4 315 323 (-1024 1760 -300 ) (-1024 1760 56 ) (-1120 1760 56 ) (-1120 1760 -300 ) 
4 315 316 (-1432 1760 -300 ) (-1432 1760 -16 ) (-1432 2048 -16 ) (-1432 2048 -300 ) 
4 316 332 (-1432 1760 -300 ) (-1432 1760 -16 ) (-1448 1760 -16 ) (-1448 1760 -300 ) 
4 316 317 (-1448 1760 -300 ) (-1448 1760 -16 ) (-1448 2048 -16 ) (-1448 2048 -300 ) 
4 317 333 (-1608 1760 -300 ) (-1448 1760 -300 ) (-1448 1760 61.565216 ) (-1608 1760 61.565216 ) 
4 317 319 (-1608 2048 -300 ) (-1608 1760 -300 ) (-1608 1760 61.565216 ) (-1608 2048 17.739151 ) 
4 318 334 (-1448 1760 93.565216 ) (-1448 1760 208 ) (-1608 1760 208 ) (-1608 1760 93.565216 ) 
4 318 319 (-1608 1760 93.565216 ) (-1608 1760 208 ) (-1608 2048 208 ) (-1608 2048 49.739120 ) 
4 319 335 (-1984 1760 -300 ) (-1608 1760 -300 ) (-1608 1760 208 ) (-1984 1760 208 ) 
4 320 336 (-1024 1744 336 ) (-1024 1744 640 ) (-1120 1744 640 ) (-1120 1744 336 ) 
4 320 324 (-1120 1760 640 ) (-1120 1760 336 ) (-1120 1744 336 ) (-1120 1744 640 ) 
4 321 336 (-1024 1744 248 ) (-1024 1744 320 ) (-1120 1744 320 ) (-1120 1744 248 ) 
4 322 337 (-1024 1744 112 ) (-1024 1744 184 ) (-1120 1744 184 ) (-1120 1744 112 ) 
4 323 354 (-1024 1744 -300 ) (-1024 1744 32 ) (-1120 1744 32 ) (-1120 1744 -300 ) 
4 323 325 (-1120 1760 -16 ) (-1120 1760 -300 ) (-1120 1744 -300 ) (-1120 1744 -16 ) 
4 324 336 (-1120 1744 336 ) (-1120 1744 640 ) (-1984 1744 640 ) (-1984 1744 336 ) 
4 324 335 (-1984 1760 336 ) (-1608 1760 336 ) (-1608 1744 336 ) (-1984 1744 336 ) 
4 324 334 (-1608 1760 336 ) (-1448 1760 336 ) (-1448 1744 336 ) (-1608 1744 336 ) 
4 325 354 (-1120 1744 -300 ) (-1120 1744 -16 ) (-1280 1744 -16 ) (-1280 1744 -300 ) 
4 325 328 (-1280 1744 -300 ) (-1280 1744 -16 ) (-1280 1760 -16 ) (-1280 1760 -300 ) 
4 326 336 (-1336 1744 320 ) (-1336 1744 248 ) (-1312 1744 248 ) (-1312 1744 320 ) 
4 326 329 (-1336 1744 248 ) (-1336 1744 320 ) (-1336 1760 320 ) (-1336 1760 248 ) 
5 327 356 (-1336 1744 96 ) (-1336 1744 72.533325 ) (-1334 1744 72 ) (-1304 1744 72 ) (-1304 1744 96 ) 
4 327 355 (-1304 1744 184 ) (-1336 1744 184 ) (-1336 1744 96 ) (-1304 1744 96 ) 
4 327 350 (-1280 1744 72 ) (-1280 1744 80 ) (-1304 1744 80 ) (-1304 1744 72 ) 
4 327 343 (-1280 1744 80 ) (-1280 1744 184 ) (-1304 1744 184 ) (-1304 1744 80 ) 
4 328 357 (-1336 1744 32 ) (-1336 1744 -300 ) (-1304 1744 -300 ) (-1304 1744 32 ) 
4 328 354 (-1280 1744 -300 ) (-1280 1744 32 ) (-1304 1744 32 ) (-1304 1744 -300 ) 
4 328 330 (-1336 1760 -300 ) (-1336 1744 -300 ) (-1336 1744 -16 ) (-1336 1760 -16 ) 
4 329 336 (-1408 1744 320 ) (-1408 1744 248 ) (-1336 1744 248 ) (-1336 1744 320 ) 
4 330 357 (-1408 1744 -16 ) (-1408 1744 -300 ) (-1336 1744 -300 ) (-1336 1744 -16 ) 
4 330 331 (-1408 1744 -300 ) (-1408 1744 -16 ) (-1408 1760 -16 ) (-1408 1760 -300 ) 
4 331 357 (-1408 1744 -300 ) (-1408 1744 -16 ) (-1432 1744 -16 ) (-1432 1744 -300 ) 
4 331 332 (-1432 1760 -300 ) (-1432 1744 -300 ) (-1432 1744 -16 ) (-1432 1760 -16 ) 
4 332 357 (-1448 1744 -16 ) (-1448 1744 -300 ) (-1432 1744 -300 ) (-1432 1744 -16 ) 
4 332 333 (-1448 1744 -300 ) (-1448 1744 -16 ) (-1448 1760 -16 ) (-1448 1760 -300 ) 
4 333 359 (-1456 1744 64 ) (-1608 1744 64 ) (-1608 1744 -300 ) (-1456 1744 -300 ) 
4 333 357 (-1448 1744 -300 ) (-1448 1744 32 ) (-1456 1744 32 ) (-1456 1744 -300 ) 
4 333 335 (-1608 1760 -300 ) (-1608 1744 -300 ) (-1608 1744 64 ) (-1608 1760 61.565216 ) 
4 334 358 (-1456 1744 216 ) (-1608 1744 216 ) (-1608 1744 96 ) (-1456 1744 96 ) 
4 334 355 (-1448 1744 96 ) (-1448 1744 216 ) (-1456 1744 216 ) (-1456 1744 96 ) 
4 334 336 (-1448 1744 216 ) (-1448 1744 336 ) (-1608 1744 336 ) (-1608 1744 216 ) 
4 334 335 (-1608 1744 96 ) (-1608 1744 336 ) (-1608 1760 336 ) (-1608 1760 93.565216 ) 
4 335 360 (-1984 1744 216 ) (-1984 1744 -300 ) (-1608 1744 -300 ) (-1608 1744 216 ) 
4 335 336 (-1608 1744 336 ) (-1984 1744 336 ) (-1984 1744 216 ) (-1608 1744 216 ) 
4 336 425 (-1216 1024 640 ) (-1984 1024 640 ) (-1984 1024 216 ) (-1216 1024 216 ) 
4 336 422 (-1024 1024 216 ) (-1024 1024 640 ) (-1216 1024 640 ) (-1216 1024 216 ) 
4 336 390 (-1568 1024 216 ) (-1984 1024 216 ) (-1984 1488 216 ) (-1568 1488 216 ) 
4 336 389 (-1560 1024 216 ) (-1568 1024 216 ) (-1568 1088 216 ) (-1560 1088 216 ) 
4 336 385 (-1352 1024 216 ) (-1560 1024 216 ) (-1560 1088 216 ) (-1352 1088 216 ) 
4 336 382 (-1560 1096 216 ) (-1560 1280 216 ) (-1488 1280 216 ) (-1488 1096 216 ) 
4 336 381 (-1488 1280 216 ) (-1360 1280 216 ) (-1360 1088 216 ) (-1488 1088 216 ) 
4 336 380 (-1360 1280 216 ) (-1352 1280 216 ) (-1352 1160 216 ) (-1360 1160 216 ) 
4 336 376 (-1352 1160 216 ) (-1352 1280 216 ) (-1312 1280 216 ) (-1312 1160 216 ) 
4 336 377 (-1312 1024 216 ) (-1352 1024 216 ) (-1352 1152 216 ) (-1312 1152 216 ) 
4 336 375 (-1304 1024 216 ) (-1312 1024 216 ) (-1312 1152 216 ) (-1304 1152 216 ) 
4 336 373 (-1560 1280 216 ) (-1560 1376 216 ) (-1312 1376 216 ) (-1312 1280 216 ) 
4 336 371 (-1448 1384 216 ) (-1376 1384 216 ) (-1376 1376 216 ) (-1448 1376 216 ) 
4 336 369 (-1560 1384 216 ) (-1560 1424 216 ) (-1376 1424 216 ) (-1376 1384 216 ) 
4 336 367 (-1560 1424 216 ) (-1560 1480 216 ) (-1384 1480 216 ) (-1384 1424 216 ) 
4 336 366 (-1384 1480 216 ) (-1368 1480 216 ) (-1368 1424 216 ) (-1384 1424 216 ) 
4 336 364 (-1368 1488 216 ) (-1352 1488 216 ) (-1352 1384 216 ) (-1368 1384 216 ) 
4 336 363 (-1352 1488 216 ) (-1336 1488 216 ) (-1336 1384 216 ) (-1352 1384 216 ) 
4 336 362 (-1336 1488 216 ) (-1320 1488 216 ) (-1320 1384 216 ) (-1336 1384 216 ) 
4 336 361 (-1320 1488 216 ) (-1304 1488 216 ) (-1304 1384 216 ) (-1320 1384 216 ) 
4 336 360 (-1984 1488 216 ) (-1984 1744 216 ) (-1608 1744 216 ) (-1608 1488 216 ) 
4 336 358 (-1608 1744 216 ) (-1456 1744 216 ) (-1456 1488 216 ) (-1608 1488 216 ) 
4 336 355 (-1456 1744 216 ) (-1304 1744 216 ) (-1304 1488 216 ) (-1456 1488 216 ) 
4 336 349 (-1224 1024 216 ) (-1304 1024 216 ) (-1304 1280 216 ) (-1224 1280 216 ) 
4 336 347 (-1304 1280 216 ) (-1304 1296 216 ) (-1224 1296 216 ) (-1224 1280 216 ) 
4 336 345 (-1304 1296 216 ) (-1304 1312 216 ) (-1224 1312 216 ) (-1224 1296 216 ) 
4 336 344 (-1304 1312 216 ) (-1304 1328 216 ) (-1224 1328 216 ) (-1224 1312 216 ) 
4 336 343 (-1304 1328 216 ) (-1304 1744 216 ) (-1224 1744 216 ) (-1224 1328 216 ) 
4 336 341 (-1216 1024 216 ) (-1224 1024 216 ) (-1224 1344 216 ) (-1216 1344 216 ) 
4 336 340 (-1024 1024 216 ) (-1216 1024 216 ) (-1216 1344 216 ) (-1024 1344 216 ) 
4 336 339 (-1224 1344 216 ) (-1224 1360 216 ) (-1216 1360 216 ) (-1216 1344 216 ) 
4 336 338 (-1224 1360 216 ) (-1224 1744 216 ) (-1216 1744 216 ) (-1216 1360 216 ) 
4 336 337 (-1216 1744 216 ) (-1024 1744 216 ) (-1024 1344 216 ) (-1216 1344 216 ) 
4 337 340 (-1216 1344 64 ) (-1024 1344 64 ) (-1024 1344 216 ) (-1216 1344 216 ) 
4 337 339 (-1216 1344 72 ) (-1216 1344 216 ) (-1216 1360 216 ) (-1216 1360 72 ) 
4 337 338 (-1216 1744 64 ) (-1216 1360 64 ) (-1216 1360 216 ) (-1216 1744 216 ) 
4 338 350 (-1224 1744 64 ) (-1224 1360 64 ) (-1224 1360 80 ) (-1224 1744 80 ) 
4 338 343 (-1224 1360 80 ) (-1224 1360 216 ) (-1224 1744 216 ) (-1224 1744 80 ) 
4 338 339 (-1224 1360 216 ) (-1224 1360 72 ) (-1216 1360 72 ) (-1216 1360 216 ) 
4 339 351 (-1224 1344 72 ) (-1224 1344 80 ) (-1224 1360 80 ) (-1224 1360 72 ) 
4 339 343 (-1224 1344 80 ) (-1224 1344 216 ) (-1224 1360 216 ) (-1224 1360 80 ) 
4 339 342 (-1224 1344 152 ) (-1224 1344 120 ) (-1216 1344 120 ) (-1216 1344 152 ) 
4 339 341 (-1224 1344 216 ) (-1224 1344 152 ) (-1216 1344 152 ) (-1216 1344 216 ) 
4 340 422 (-1024 1024 64 ) (-1024 1024 216 ) (-1216 1024 216 ) (-1216 1024 64 ) 
3 340 342 (-1216 1344 152 ) (-1216 1344 120 ) (-1216 1126.400024 152 ) 
4 340 341 (-1216 1344 216 ) (-1216 1344 152 ) (-1216 1024 152 ) (-1216 1024 216 ) 
4 341 425 (-1216 1024 216 ) (-1224 1024 216 ) (-1224 1024 152 ) (-1216 1024 152 ) 
4 341 349 (-1224 1024 152 ) (-1224 1024 216 ) (-1224 1280 216 ) (-1224 1280 152 ) 
4 341 347 (-1224 1280 216 ) (-1224 1296 216 ) (-1224 1296 152 ) (-1224 1280 152 ) 
4 341 345 (-1224 1296 216 ) (-1224 1312 216 ) (-1224 1312 152 ) (-1224 1296 152 ) 
4 341 344 (-1224 1312 216 ) (-1224 1328 216 ) (-1224 1328 152 ) (-1224 1312 152 ) 
4 341 343 (-1224 1328 216 ) (-1224 1344 216 ) (-1224 1344 152 ) (-1224 1328 152 ) 
4 341 342 (-1224 1126.400024 152 ) (-1224 1344 152 ) (-1216 1344 152 ) (-1216 1126.400024 152 ) 
3 342 349 (-1224 1126.400024 152 ) (-1224 1280 152 ) (-1224 1280 129.411774 ) 
4 342 347 (-1224 1280 152 ) (-1224 1296 152 ) (-1224 1296 127.058830 ) (-1224 1280 129.411774 ) 
4 342 345 (-1224 1296 152 ) (-1224 1312 152 ) (-1224 1312 124.705887 ) (-1224 1296 127.058830 ) 
4 342 344 (-1224 1312 152 ) (-1224 1328 152 ) (-1224 1328 122.352951 ) (-1224 1312 124.705887 ) 
4 342 343 (-1224 1328 152 ) (-1224 1344 152 ) (-1224 1344 120 ) (-1224 1328 122.352951 ) 
4 343 361 (-1304 1384 216 ) (-1304 1488 216 ) (-1304 1488 80 ) (-1304 1384 80 ) 
4 343 356 (-1304 1744 96 ) (-1304 1744 80 ) (-1304 1488 80 ) (-1304 1488 96 ) 
4 343 355 (-1304 1488 216 ) (-1304 1744 216 ) (-1304 1744 96 ) (-1304 1488 96 ) 
4 343 351 (-1304 1344 80 ) (-1304 1360 80 ) (-1224 1360 80 ) (-1224 1344 80 ) 
4 343 350 (-1304 1360 80 ) (-1304 1744 80 ) (-1224 1744 80 ) (-1224 1360 80 ) 
4 343 344 (-1304 1328 216 ) (-1304 1328 88 ) (-1224 1328 88 ) (-1224 1328 216 ) 
4 344 345 (-1304 1312 216 ) (-1304 1312 96 ) (-1224 1312 96 ) (-1224 1312 216 ) 
4 345 347 (-1304 1296 216 ) (-1304 1296 104 ) (-1224 1296 104 ) (-1224 1296 216 ) 
4 346 353 (-1304 1296 80 ) (-1304 1312 80 ) (-1224 1312 80 ) (-1224 1296 80 ) 
4 346 348 (-1304 1296 88 ) (-1304 1296 80 ) (-1224 1296 80 ) (-1224 1296 88 ) 
4 347 349 (-1304 1280 216 ) (-1304 1280 112 ) (-1224 1280 112 ) (-1224 1280 216 ) 
4 348 353 (-1304 1280 80 ) (-1304 1296 80 ) (-1224 1296 80 ) (-1224 1280 80 ) 
4 349 427 (-1304 1024 152 ) (-1304 1024 112 ) (-1224 1024 112 ) (-1224 1024 152 ) 
4 349 425 (-1224 1024 216 ) (-1304 1024 216 ) (-1304 1024 152 ) (-1224 1024 152 ) 
4 349 375 (-1304 1024 112 ) (-1304 1024 216 ) (-1304 1152 216 ) (-1304 1152 112 ) 
4 350 361 (-1304 1384 80 ) (-1304 1488 80 ) (-1304 1488 64 ) (-1304 1384 64 ) 
4 350 356 (-1304 1488 80 ) (-1304 1744 80 ) (-1304 1744 64 ) (-1304 1488 64 ) 
4 350 351 (-1224 1360 72 ) (-1224 1360 80 ) (-1304 1360 80 ) (-1304 1360 72 ) 
4 352 353 (-1304 1328 64 ) (-1224 1328 64 ) (-1224 1328 72 ) (-1304 1328 72 ) 
4 353 428 (-1304 1024 80 ) (-1304 1024 64 ) (-1224 1024 64 ) (-1224 1024 80 ) 
4 353 378 (-1304 1024 64 ) (-1304 1024 80 ) (-1304 1152 80 ) (-1304 1152 64 ) 
4 354 428 (-1224 1024 32 ) (-1304 1024 32 ) (-1304 1024 -300 ) (-1224 1024 -300 ) 
4 354 426 (-1216 1024 32 ) (-1224 1024 32 ) (-1224 1024 -300 ) (-1216 1024 -300 ) 
4 354 424 (-1024 1024 -300 ) (-1024 1024 32 ) (-1216 1024 32 ) (-1216 1024 -300 ) 
4 354 391 (-1304 1024 -300 ) (-1304 1024 32 ) (-1304 1488 32 ) (-1304 1488 -300 ) 
4 354 357 (-1304 1488 32 ) (-1304 1744 32 ) (-1304 1744 -300 ) (-1304 1488 -300 ) 
4 355 364 (-1352 1488 216 ) (-1368 1488 216 ) (-1368 1488 96 ) (-1352 1488 96 ) 
4 355 363 (-1336 1488 216 ) (-1352 1488 216 ) (-1352 1488 96 ) (-1336 1488 96 ) 
4 355 362 (-1320 1488 216 ) (-1336 1488 216 ) (-1336 1488 96 ) (-1320 1488 96 ) 
4 355 361 (-1304 1488 96 ) (-1304 1488 216 ) (-1320 1488 216 ) (-1320 1488 96 ) 
4 355 358 (-1456 1488 96 ) (-1456 1488 216 ) (-1456 1744 216 ) (-1456 1744 96 ) 
4 355 356 (-1304 1488 96 ) (-1424 1488 96 ) (-1424 1744 96 ) (-1304 1744 96 ) 
4 356 364 (-1352 1488 96 ) (-1368 1488 96 ) (-1368 1488 88 ) (-1352 1488 88 ) 
4 356 363 (-1336 1488 96 ) (-1352 1488 96 ) (-1352 1488 80 ) (-1336 1488 80 ) 
5 356 362 (-1320 1488 96 ) (-1336 1488 96 ) (-1336 1488 72.533325 ) (-1334 1488 72 ) (-1320 1488 72 ) 
4 356 361 (-1304 1488 64 ) (-1304 1488 96 ) (-1320 1488 96 ) (-1320 1488 68.266655 ) 
4 357 391 (-1304 1488 -300 ) (-1304 1488 32 ) (-1456 1488 32 ) (-1456 1488 -300 ) 
4 357 359 (-1456 1744 -300 ) (-1456 1488 -300 ) (-1456 1488 32 ) (-1456 1744 32 ) 
4 358 390 (-1568 1488 216 ) (-1608 1488 216 ) (-1608 1488 96 ) (-1568 1488 96 ) 
4 358 365 (-1544 1488 200 ) (-1544 1488 152 ) (-1464 1488 152 ) (-1464 1488 200 ) 
4 358 360 (-1608 1488 96 ) (-1608 1488 216 ) (-1608 1744 216 ) (-1608 1744 96 ) 
4 359 391 (-1608 1488 56 ) (-1608 1488 -300 ) (-1456 1488 -300 ) (-1456 1488 56 ) 
4 359 390 (-1608 1488 64 ) (-1608 1488 56 ) (-1568 1488 56 ) (-1568 1488 64 ) 
4 359 387 (-1568 1488 56 ) (-1560 1488 56 ) (-1560 1488 64 ) (-1568 1488 64 ) 
4 359 360 (-1608 1744 -300 ) (-1608 1488 -300 ) (-1608 1488 64 ) (-1608 1744 64 ) 
4 360 391 (-1984 1488 56 ) (-1984 1488 -300 ) (-1608 1488 -300 ) (-1608 1488 56 ) 
4 360 390 (-1608 1488 216 ) (-1984 1488 216 ) (-1984 1488 56 ) (-1608 1488 56 ) 
4 361 362 (-1320 1488 216 ) (-1320 1488 72 ) (-1320 1384 72 ) (-1320 1384 216 ) 
4 362 363 (-1336 1488 216 ) (-1336 1488 80 ) (-1336 1384 80 ) (-1336 1384 216 ) 
4 363 364 (-1352 1488 216 ) (-1352 1488 88 ) (-1352 1384 88 ) (-1352 1384 216 ) 
4 364 366 (-1368 1424 96 ) (-1368 1424 216 ) (-1368 1480 216 ) (-1368 1480 96 ) 
4 365 367 (-1464 1480 152 ) (-1464 1480 200 ) (-1544 1480 200 ) (-1544 1480 152 ) 
4 366 369 (-1376 1424 216 ) (-1384 1424 216 ) (-1384 1424 104 ) (-1376 1424 104 ) 
4 366 367 (-1384 1480 216 ) (-1384 1480 104 ) (-1384 1424 104 ) (-1384 1424 216 ) 
4 367 369 (-1560 1424 216 ) (-1560 1424 104 ) (-1384 1424 104 ) (-1384 1424 216 ) 
4 368 391 (-1384 1424 56 ) (-1560 1424 56 ) (-1560 1480 56 ) (-1384 1480 56 ) 
4 368 387 (-1560 1480 56 ) (-1560 1424 56 ) (-1560 1424 80 ) (-1560 1480 80 ) 
4 368 370 (-1560 1424 72 ) (-1560 1424 56 ) (-1384 1424 56 ) (-1384 1424 72 ) 
4 369 371 (-1448 1384 104 ) (-1376 1384 104 ) (-1376 1384 216 ) (-1448 1384 216 ) 
4 370 391 (-1376 1384 56 ) (-1560 1384 56 ) (-1560 1424 56 ) (-1376 1424 56 ) 
4 370 387 (-1560 1424 56 ) (-1560 1384 56 ) (-1560 1384 72 ) (-1560 1424 72 ) 
4 370 372 (-1560 1384 72 ) (-1560 1384 56 ) (-1376 1384 56 ) (-1376 1384 72 ) 
4 371 373 (-1376 1376 112 ) (-1376 1376 216 ) (-1448 1376 216 ) (-1448 1376 112 ) 
4 372 391 (-1376 1376 56 ) (-1560 1376 56 ) (-1560 1384 56 ) (-1376 1384 56 ) 
4 372 388 (-1560 1384 56 ) (-1560 1376 56 ) (-1560 1376 72 ) (-1560 1384 72 ) 
4 372 374 (-1560 1376 72 ) (-1560 1376 56 ) (-1376 1376 56 ) (-1376 1376 72 ) 
4 373 382 (-1560 1280 216 ) (-1560 1280 112 ) (-1488 1280 112 ) (-1488 1280 216 ) 
4 373 381 (-1488 1280 112 ) (-1360 1280 112 ) (-1360 1280 216 ) (-1488 1280 216 ) 
4 373 380 (-1360 1280 112 ) (-1352 1280 112 ) (-1352 1280 216 ) (-1360 1280 216 ) 
4 373 376 (-1352 1280 112 ) (-1312 1280 112 ) (-1312 1280 216 ) (-1352 1280 216 ) 
4 374 391 (-1312 1280 56 ) (-1560 1280 56 ) (-1560 1376 56 ) (-1312 1376 56 ) 
4 374 388 (-1560 1376 56 ) (-1560 1280 56 ) (-1560 1280 80 ) (-1560 1376 80 ) 
4 374 384 (-1560 1280 80 ) (-1560 1280 56 ) (-1360 1280 56 ) (-1360 1280 80 ) 
4 374 383 (-1360 1280 56 ) (-1352 1280 56 ) (-1352 1280 80 ) (-1360 1280 80 ) 
4 374 379 (-1352 1280 56 ) (-1312 1280 56 ) (-1312 1280 80 ) (-1352 1280 80 ) 
4 375 427 (-1304 1024 112 ) (-1304 1024 152 ) (-1312 1024 152 ) (-1312 1024 112 ) 
4 375 425 (-1304 1024 152 ) (-1304 1024 216 ) (-1312 1024 216 ) (-1312 1024 152 ) 
4 375 377 (-1312 1152 112 ) (-1312 1024 112 ) (-1312 1024 216 ) (-1312 1152 216 ) 
4 376 380 (-1352 1280 216 ) (-1352 1280 112 ) (-1352 1160 112 ) (-1352 1160 216 ) 
4 377 427 (-1352 1024 152 ) (-1352 1024 112 ) (-1312 1024 112 ) (-1312 1024 152 ) 
4 377 425 (-1312 1024 216 ) (-1352 1024 216 ) (-1352 1024 152 ) (-1312 1024 152 ) 
4 377 385 (-1352 1088 112 ) (-1352 1024 112 ) (-1352 1024 216 ) (-1352 1088 216 ) 
4 378 428 (-1304 1024 56 ) (-1304 1024 80 ) (-1312 1024 80 ) (-1312 1024 56 ) 
4 378 391 (-1304 1152 56 ) (-1304 1024 56 ) (-1312 1024 56 ) (-1312 1152 56 ) 
4 378 379 (-1312 1152 56 ) (-1312 1024 56 ) (-1312 1024 80 ) (-1312 1152 80 ) 
4 379 428 (-1352 1024 80 ) (-1352 1024 56 ) (-1312 1024 56 ) (-1312 1024 80 ) 
4 379 391 (-1312 1024 56 ) (-1352 1024 56 ) (-1352 1280 56 ) (-1312 1280 56 ) 
4 379 386 (-1352 1088 56 ) (-1352 1024 56 ) (-1352 1024 80 ) (-1352 1088 80 ) 
4 379 383 (-1352 1280 80 ) (-1352 1280 56 ) (-1352 1160 56 ) (-1352 1160 80 ) 
4 380 381 (-1360 1280 216 ) (-1360 1280 112 ) (-1360 1160 112 ) (-1360 1160 216 ) 
4 381 385 (-1488 1088 112 ) (-1360 1088 112 ) (-1360 1088 216 ) (-1488 1088 216 ) 
4 381 382 (-1488 1280 216 ) (-1488 1280 112 ) (-1488 1096 112 ) (-1488 1096 216 ) 
4 383 391 (-1360 1280 56 ) (-1352 1280 56 ) (-1352 1160 56 ) (-1360 1160 56 ) 
4 383 384 (-1360 1280 80 ) (-1360 1280 56 ) (-1360 1160 56 ) (-1360 1160 80 ) 
4 384 391 (-1560 1088 56 ) (-1560 1280 56 ) (-1360 1280 56 ) (-1360 1088 56 ) 
4 384 388 (-1560 1280 56 ) (-1560 1088 56 ) (-1560 1088 80 ) (-1560 1280 80 ) 
4 384 386 (-1560 1088 80 ) (-1560 1088 56 ) (-1360 1088 56 ) (-1360 1088 80 ) 
4 385 440 (-1560 1024 152 ) (-1560 1024 112 ) (-1360 1024 112 ) (-1360 1024 152 ) 
4 385 427 (-1360 1024 112 ) (-1352 1024 112 ) (-1352 1024 152 ) (-1360 1024 152 ) 
4 385 425 (-1352 1024 216 ) (-1560 1024 216 ) (-1560 1024 152 ) (-1352 1024 152 ) 
4 385 389 (-1560 1024 112 ) (-1560 1024 216 ) (-1560 1088 216 ) (-1560 1088 112 ) 
4 386 441 (-1560 1024 80 ) (-1560 1024 56 ) (-1360 1024 56 ) (-1360 1024 80 ) 
4 386 428 (-1360 1024 56 ) (-1352 1024 56 ) (-1352 1024 80 ) (-1360 1024 80 ) 
4 386 391 (-1352 1024 56 ) (-1560 1024 56 ) (-1560 1088 56 ) (-1352 1088 56 ) 
4 386 389 (-1560 1088 56 ) (-1560 1024 56 ) (-1560 1024 80 ) (-1560 1088 80 ) 
4 387 391 (-1568 1488 56 ) (-1560 1488 56 ) (-1560 1384 56 ) (-1568 1384 56 ) 
4 387 390 (-1568 1488 96 ) (-1568 1488 56 ) (-1568 1384 56 ) (-1568 1384 96 ) 
4 387 388 (-1568 1384 96 ) (-1568 1384 56 ) (-1560 1384 56 ) (-1560 1384 96 ) 
4 388 391 (-1560 1384 56 ) (-1560 1088 56 ) (-1568 1088 56 ) (-1568 1384 56 ) 
4 388 390 (-1568 1384 56 ) (-1568 1088 56 ) (-1568 1088 104 ) (-1568 1384 104 ) 
4 388 389 (-1568 1088 104 ) (-1568 1088 56 ) (-1560 1088 56 ) (-1560 1088 104 ) 
4 389 442 (-1568 1024 152 ) (-1568 1024 56 ) (-1560 1024 56 ) (-1560 1024 152 ) 
4 389 425 (-1560 1024 216 ) (-1568 1024 216 ) (-1568 1024 152 ) (-1560 1024 152 ) 
4 389 391 (-1560 1088 56 ) (-1560 1024 56 ) (-1568 1024 56 ) (-1568 1088 56 ) 
4 389 390 (-1568 1088 56 ) (-1568 1024 56 ) (-1568 1024 216 ) (-1568 1088 216 ) 
4 390 442 (-1984 1024 152 ) (-1984 1024 56 ) (-1568 1024 56 ) (-1568 1024 152 ) 
4 390 425 (-1568 1024 216 ) (-1984 1024 216 ) (-1984 1024 152 ) (-1568 1024 152 ) 
4 390 391 (-1984 1488 56 ) (-1568 1488 56 ) (-1568 1024 56 ) (-1984 1024 56 ) 
4 391 442 (-1560 1024 56 ) (-1984 1024 56 ) (-1984 1024 -300 ) (-1560 1024 -300 ) 
4 391 441 (-1360 1024 56 ) (-1560 1024 56 ) (-1560 1024 -300 ) (-1360 1024 -300 ) 
4 391 428 (-1304 1024 -300 ) (-1304 1024 56 ) (-1360 1024 56 ) (-1360 1024 -300 ) 
4 392 422 (-1024 1024 640 ) (-1024 1024 192 ) (-1024 104 192 ) (-1024 104 640 ) 
4 392 423 (-1024 104 192 ) (-1024 0 192 ) (-1024 0 640 ) (-1024 104 640 ) 
4 392 412 (-496 0 192 ) (-1024 0 192 ) (-1024 384 192 ) (-496 384 192 ) 
4 392 410 (-448 384 192 ) (-240 384 192 ) (-240 368 192 ) (-448 368 192 ) 
4 392 409 (-240 384 192 ) (-192 384 192 ) (-192 368 192 ) (-240 368 192 ) 
4 392 411 (-192 0 192 ) (-496 0 192 ) (-496 368 192 ) (-192 368 192 ) 
4 392 408 (-1024 384 192 ) (-1024 448 192 ) (-1008 448 192 ) (-1008 384 192 ) 
4 392 407 (-1024 624 192 ) (-1024 704 192 ) (-1008 704 192 ) (-1008 624 192 ) 
4 392 406 (-1024 448 192 ) (-1024 624 192 ) (-1008 624 192 ) (-1008 448 192 ) 
4 392 405 (-496 384 192 ) (-1008 384 192 ) (-1008 448 192 ) (-496 448 192 ) 
4 392 404 (-1008 448 192 ) (-1008 1008 192 ) (-496 1008 192 ) (-496 448 192 ) 
4 392 401 (-192 944 192 ) (-192 928 192 ) (-352 928 192 ) (-352 944 192 ) 
4 392 400 (-352 1024 192 ) (-192 1024 192 ) (-192 944 192 ) (-352 944 192 ) 
4 392 402 (-192 928 192 ) (-192 384 192 ) (-352 384 192 ) (-352 928 192 ) 
4 392 403 (-480 1024 192 ) (-352 1024 192 ) (-352 384 192 ) (-480 384 192 ) 
4 392 397 (-192 104 192 ) (-192 368 192 ) (0 368 192 ) (0 104 192 ) 
4 392 398 (0 0 192 ) (-192 0 192 ) (-192 104 192 ) (0 104 192 ) 
4 392 396 (-192 368 192 ) (-192 384 192 ) (0 384 192 ) (0 368 192 ) 
4 392 394 (-192 928 192 ) (-192 944 192 ) (0 944 192 ) (0 928 192 ) 
4 392 395 (-192 384 192 ) (-192 928 192 ) (0 928 192 ) (0 384 192 ) 
4 392 393 (-192 944 192 ) (-192 1024 192 ) (0 1024 192 ) (0 944 192 ) 
4 393 414 (-192 1024 16 ) (-192 1024 9.846146 ) (-192 944 9.846153 ) (-192 944 16 ) 
4 393 400 (-192 944 192 ) (-192 1024 192 ) (-192 1024 16 ) (-192 944 16 ) 
4 393 394 (-192 944 192 ) (-192 944 144 ) (0 944 144 ) (0 944 192 ) 
4 394 401 (-192 928 192 ) (-192 944 192 ) (-192 944 144 ) (-192 928 144 ) 
4 394 395 (-192 928 192 ) (-192 928 144 ) (0 928 144 ) (0 928 192 ) 
4 395 402 (-192 384 192 ) (-192 928 192 ) (-192 928 16 ) (-192 384 16 ) 
4 395 396 (-192 384 192 ) (-192 384 144 ) (0 384 144 ) (0 384 192 ) 
4 396 409 (-192 368 192 ) (-192 384 192 ) (-192 384 144 ) (-192 368 144 ) 
4 396 397 (-192 368 192 ) (-192 368 144 ) (0 368 144 ) (0 368 192 ) 
4 397 411 (-192 104 192 ) (-192 368 192 ) (-192 368 16.007797 ) (-192 104 16.007805 ) 
4 397 398 (-192 104 192 ) (-192 104 16.007797 ) (0 104 4.007805 ) (0 104 192 ) 
4 398 419 (-192 104 -16 ) (-192 104 -32 ) (-192 0 -32 ) (-192 0 -16 ) 
4 398 418 (-192 104 16 ) (-192 104 -16 ) (-192 0 -16 ) (-192 0 16 ) 
4 398 411 (-192 0 192 ) (-192 104 192 ) (-192 104 16 ) (-192 0 16 ) 
4 398 399 (0 0 -32 ) (-192 0 -32 ) (-192 104 -32 ) (0 104 -32 ) 
4 399 421 (-192 1024 -32 ) (-192 1024 -300 ) (-192 0 -300 ) (-192 0 -32 ) 
4 400 414 (-352 1024 16 ) (-192 1024 16 ) (-192 944 16 ) (-352 944 16 ) 
4 400 401 (-352 944 192 ) (-352 944 144 ) (-192 944 144 ) (-192 944 192 ) 
4 400 403 (-352 1024 16 ) (-352 944 16 ) (-352 944 192 ) (-352 1024 192 ) 
4 401 403 (-352 928 144 ) (-352 928 192 ) (-352 944 192 ) (-352 944 144 ) 
4 401 402 (-352 928 192 ) (-352 928 144 ) (-192 928 144 ) (-192 928 192 ) 
4 402 410 (-352 384 16 ) (-240 384 16 ) (-240 384 192 ) (-352 384 192 ) 
4 402 409 (-192 384 144 ) (-192 384 192 ) (-240 384 192 ) (-240 384 144 ) 
4 402 403 (-352 928 16 ) (-352 384 16 ) (-352 384 192 ) (-352 928 192 ) 
4 403 410 (-448 384 16 ) (-352 384 16 ) (-352 384 192 ) (-448 384 192 ) 
3 404 407 (-1008 560 148 ) (-1008 624 192 ) (-1008 704 192 ) 
3 404 406 (-1008 448 71 ) (-1008 448 192 ) (-1008 624 192 ) 
5 404 405 (-1008 448 192 ) (-1008 448 61 ) (-768 448 16 ) (-496 448 16 ) (-496 448 192 ) 
5 405 412 (-768 384 16 ) (-496 384 16 ) (-496 384 192 ) (-1008 384 192 ) (-1008 384 61 ) 
4 405 408 (-1008 384 61 ) (-1008 384 192 ) (-1008 448 192 ) (-1008 448 61 ) 
3 406 422 (-1024 448 71 ) (-1024 448 192 ) (-1024 624 192 ) 
4 406 408 (-1008 448 71 ) (-1008 448 192 ) (-1024 448 192 ) (-1024 448 71 ) 
4 406 407 (-1024 559.993652 147.998077 ) (-1024 623.996094 192 ) (-1008 623.996094 192 ) (-1008 559.993652 147.998077 ) 
3 407 422 (-1024 560 148 ) (-1024 624 192 ) (-1024 704 192 ) 
4 408 422 (-1024 384 64 ) (-1024 384 192 ) (-1024 448 192 ) (-1024 448 64 ) 
4 408 412 (-1008 384 61 ) (-1008 384 192 ) (-1024 384 192 ) (-1024 384 64 ) 
4 409 410 (-240 384 192 ) (-240 384 144 ) (-240 368 144 ) (-240 368 192 ) 
4 409 411 (-192 368 144 ) (-192 368 192 ) (-240 368 192 ) (-240 368 144 ) 
4 410 411 (-448 368 16 ) (-240 368 16 ) (-240 368 192 ) (-448 368 192 ) 
4 411 418 (-192 104 16 ) (-192 0 16 ) (-496 0 16 ) (-496 104 16 ) 
4 411 412 (-496 368 16 ) (-496 0 16 ) (-496 0 192 ) (-496 368 192 ) 
4 412 422 (-1024 104 192 ) (-1024 384 192 ) (-1024 384 64 ) (-1024 104 64 ) 
4 412 423 (-1024 0 64 ) (-1024 0 192 ) (-1024 104 192 ) (-1024 104 64 ) 
4 412 418 (-496 104 16 ) (-496 0 16 ) (-768 0 16 ) (-768 104 16 ) 
4 412 413 (-767.996094 104 16 ) (-767.996094 0 16 ) (-1024 0 64 ) (-1024 104 64 ) 
4 413 424 (-1024 104 16 ) (-1024 0 16 ) (-1024 0 32 ) (-1024 104 32 ) 
4 413 423 (-1024 0 32 ) (-1024 0 64 ) (-1024 104 64 ) (-1024 104 32 ) 
4 413 418 (-1024 0 16 ) (-1024 104 16 ) (-768 104 16 ) (-768 0 16 ) 
4 415 419 (-192 944 -16 ) (-192 928 -16 ) (-352 928 -16 ) (-352 944 -16 ) 
4 416 420 (-480 1008 -16 ) (-480 928 -16 ) (-488 928 -16 ) (-488 1008 -16 ) 
4 417 424 (-1024 1024 16 ) (-1024 1024 -16 ) (-1024 1008 -16 ) (-1024 1008 16 ) 
4 417 420 (-1024 1024 -16 ) (-1008 1024 -16 ) (-1008 1008 -16 ) (-1024 1008 -16 ) 
4 418 424 (-1024 104 -16 ) (-1024 0 -16 ) (-1024 0 16 ) (-1024 104 16 ) 
4 418 419 (-192 104 -16 ) (-192 0 -16 ) (-352 0 -16 ) (-352 104 -16 ) 
4 418 420 (-352 0 -16 ) (-1024 0 -16 ) (-1024 104 -16 ) (-352 104 -16 ) 
4 419 421 (-192 944 -32 ) (-192 0 -32 ) (-352 0 -32 ) (-352 944 -32 ) 
4 419 420 (-352 944 -32 ) (-352 0 -32 ) (-352 0 -16 ) (-352 944 -16 ) 
4 420 424 (-1024 1024 -16 ) (-1024 1024 -32 ) (-1024 0 -32 ) (-1024 0 -16 ) 
4 420 421 (-1024 0 -32 ) (-1024 1024 -32 ) (-352 1024 -32 ) (-352 0 -32 ) 
4 421 424 (-1024 1024 -32 ) (-1024 1024 -300 ) (-1024 0 -300 ) (-1024 0 -32 ) 
4 422 437 (-1216 288 64 ) (-1216 104 64 ) (-1216 104 152 ) (-1216 288 152 ) 
4 422 430 (-1216 792 64 ) (-1216 560 64 ) (-1216 560 152 ) (-1216 792 152 ) 
4 422 425 (-1216 104 640 ) (-1216 1024 640 ) (-1216 1024 152 ) (-1216 104 152 ) 
4 422 423 (-1024 104 64 ) (-1024 104 640 ) (-1216 104 640 ) (-1216 104 64 ) 
4 423 439 (-1216 0 32 ) (-1216 0 152 ) (-1216 104 152 ) (-1216 104 32 ) 
4 423 425 (-1216 0 152 ) (-1216 0 640 ) (-1216 104 640 ) (-1216 104 152 ) 
4 423 424 (-1024 0 32 ) (-1216 0 32 ) (-1216 104 32 ) (-1024 104 32 ) 
4 424 438 (-1216 104 32 ) (-1216 288 32 ) (-1216 288 -300 ) (-1216 104 -300 ) 
4 424 439 (-1216 0 -300 ) (-1216 0 32 ) (-1216 104 32 ) (-1216 104 -300 ) 
4 424 436 (-1216 288 32 ) (-1216 296 32 ) (-1216 296 -300 ) (-1216 288 -300 ) 
4 424 433 (-1216 296 32 ) (-1216 552 32 ) (-1216 552 -300 ) (-1216 296 -300 ) 
4 424 432 (-1216 552 32 ) (-1216 560 32 ) (-1216 560 -300 ) (-1216 552 -300 ) 
4 424 431 (-1216 560 32 ) (-1216 792 32 ) (-1216 792 -300 ) (-1216 560 -300 ) 
4 424 429 (-1216 792 32 ) (-1216 800 32 ) (-1216 800 -300 ) (-1216 792 -300 ) 
4 424 426 (-1216 800 32 ) (-1216 1024 32 ) (-1216 1024 -300 ) (-1216 800 -300 ) 
4 425 446 (-1480 0 152 ) (-1984 0 152 ) (-1984 800 152 ) (-1480 800 152 ) 
4 425 443 (-1360 800 152 ) (-1360 104 152 ) (-1480 104 152 ) (-1480 800 152 ) 
4 425 445 (-1360 104 152 ) (-1360 0 152 ) (-1480 0 152 ) (-1480 104 152 ) 
4 425 442 (-1984 1024 152 ) (-1560 1024 152 ) (-1560 800 152 ) (-1984 800 152 ) 
4 425 440 (-1560 1024 152 ) (-1360 1024 152 ) (-1360 800 152 ) (-1560 800 152 ) 
4 425 437 (-1216 288 152 ) (-1216 104 152 ) (-1360 104 152 ) (-1360 288 152 ) 
4 425 439 (-1216 104 152 ) (-1216 0 152 ) (-1360 0 152 ) (-1360 104 152 ) 
4 425 434 (-1224 296 152 ) (-1360 296 152 ) (-1360 552 152 ) (-1224 552 152 ) 
4 425 430 (-1216 792 152 ) (-1216 560 152 ) (-1360 560 152 ) (-1360 792 152 ) 
4 425 427 (-1360 1024 152 ) (-1224 1024 152 ) (-1224 800 152 ) (-1360 800 152 ) 
4 426 429 (-1216 800 -300 ) (-1216 800 64 ) (-1224 800 64 ) (-1224 800 -300 ) 
4 426 428 (-1224 800 -300 ) (-1224 800 64 ) (-1224 1024 64 ) (-1224 1024 -300 ) 
4 427 440 (-1360 800 112 ) (-1360 800 152 ) (-1360 1024 152 ) (-1360 1024 112 ) 
4 428 441 (-1360 800 -300 ) (-1360 800 80 ) (-1360 1024 80 ) (-1360 1024 -300 ) 
4 428 429 (-1360 800 64 ) (-1360 800 -300 ) (-1224 800 -300 ) (-1224 800 64 ) 
4 429 444 (-1360 792 -300 ) (-1360 792 64 ) (-1360 800 64 ) (-1360 800 -300 ) 
4 429 431 (-1360 792 32 ) (-1360 792 -300 ) (-1216 792 -300 ) (-1216 792 32 ) 
4 430 443 (-1360 560 112 ) (-1360 560 152 ) (-1360 792 152 ) (-1360 792 112 ) 
4 431 444 (-1360 560 -300 ) (-1360 560 32 ) (-1360 792 32 ) (-1360 792 -300 ) 
4 431 432 (-1360 560 32 ) (-1360 560 -300 ) (-1216 560 -300 ) (-1216 560 32 ) 
4 432 444 (-1360 552 -300 ) (-1360 552 64 ) (-1360 560 64 ) (-1360 560 -300 ) 
4 432 435 (-1360 552 64 ) (-1360 552 -300 ) (-1224 552 -300 ) (-1224 552 64 ) 
4 432 433 (-1224 552 -300 ) (-1216 552 -300 ) (-1216 552 64 ) (-1224 552 64 ) 
4 433 436 (-1216 296 -300 ) (-1216 296 64 ) (-1224 296 64 ) (-1224 296 -300 ) 
4 433 435 (-1224 552 64 ) (-1224 552 -300 ) (-1224 296 -300 ) (-1224 296 64 ) 
4 434 443 (-1360 296 112 ) (-1360 296 152 ) (-1360 552 152 ) (-1360 552 112 ) 
4 435 444 (-1360 296 -300 ) (-1360 296 80 ) (-1360 552 80 ) (-1360 552 -300 ) 
4 435 436 (-1360 296 64 ) (-1360 296 -300 ) (-1224 296 -300 ) (-1224 296 64 ) 
4 436 444 (-1360 288 -300 ) (-1360 288 64 ) (-1360 296 64 ) (-1360 296 -300 ) 
4 436 438 (-1360 288 32 ) (-1360 288 -300 ) (-1216 288 -300 ) (-1216 288 32 ) 
4 437 443 (-1360 104 152 ) (-1360 288 152 ) (-1360 288 112 ) (-1360 104 112 ) 
4 437 439 (-1360 104 152 ) (-1360 104 112 ) (-1216 104 64 ) (-1216 104 152 ) 
4 438 444 (-1360 288 32 ) (-1360 288 -300 ) (-1360 104 -300 ) (-1360 104 32 ) 
4 438 439 (-1360 104 32 ) (-1360 104 -300 ) (-1216 104 -300 ) (-1216 104 32 ) 
4 439 445 (-1360 0 -300 ) (-1360 0 152 ) (-1360 104 152 ) (-1360 104 -300 ) 
4 440 446 (-1480 800 152 ) (-1560 800 152 ) (-1560 800 112 ) (-1480 800 112 ) 
4 440 443 (-1360 800 112 ) (-1360 800 152 ) (-1480 800 152 ) (-1480 800 112 ) 
4 440 442 (-1560 800 112 ) (-1560 800 152 ) (-1560 1024 152 ) (-1560 1024 112 ) 
4 441 446 (-1560 800 -300 ) (-1480 800 -300 ) (-1480 800 80 ) (-1560 800 80 ) 
4 441 444 (-1480 800 -300 ) (-1360 800 -300 ) (-1360 800 80 ) (-1480 800 80 ) 
4 441 442 (-1560 1024 -300 ) (-1560 800 -300 ) (-1560 800 80 ) (-1560 1024 80 ) 
4 442 446 (-1984 800 -300 ) (-1560 800 -300 ) (-1560 800 152 ) (-1984 800 152 ) 
4 443 446 (-1480 800 152 ) (-1480 800 112 ) (-1480 104 112 ) (-1480 104 152 ) 
4 443 445 (-1480 104 152 ) (-1480 104 112 ) (-1360 104 112 ) (-1360 104 152 ) 
4 444 446 (-1480 800 80 ) (-1480 800 -300 ) (-1480 104 -300 ) (-1480 104 80 ) 
4 444 445 (-1480 104 80 ) (-1480 104 -300 ) (-1360 104 -300 ) (-1360 104 80 ) 
4 445 446 (-1480 104 -300 ) (-1480 0 -300 ) (-1480 0 152 ) (-1480 104 152 ) 
